2024-02-13 17:20:45,187 [Worker-2: Loading available Gradle versions] INFO  o.e.b.c.i.u.g.PublishedGradleVersions - Gradle version information cache is up-to-date. Trying to read.
2024-02-13 17:23:21,767 [Worker-8: Launching mavenrun-b5ee7e93-ad09-444d-b71c-86874c404ef5] INFO  o.eclipse.m2e.core.internal.Bundles - getClasspathEntries(Bundle=org.eclipse.m2e.maven.runtime_3.9.500.20231113-2345 [626])
2024-02-13 17:23:21,774 [Worker-8: Launching mavenrun-b5ee7e93-ad09-444d-b71c-86874c404ef5] INFO  o.eclipse.m2e.core.internal.Bundles - 	Entry: C:\Users\singh\.p2\pool\plugins\org.eclipse.m2e.maven.runtime_3.9.500.20231113-2345
2024-02-13 17:23:21,776 [Worker-8: Launching mavenrun-b5ee7e93-ad09-444d-b71c-86874c404ef5] INFO  o.eclipse.m2e.core.internal.Bundles - 	Entry: C:\Users\singh\.p2\pool\plugins\org.eclipse.m2e.maven.runtime_3.9.500.20231113-2345\jars\aopalliance-1.0.jar
2024-02-13 17:23:21,777 [Worker-8: Launching mavenrun-b5ee7e93-ad09-444d-b71c-86874c404ef5] INFO  o.eclipse.m2e.core.internal.Bundles - 	Entry: C:\Users\singh\.p2\pool\plugins\org.eclipse.m2e.maven.runtime_3.9.500.20231113-2345\jars\guice-5.1.0.jar
2024-02-13 17:23:21,778 [Worker-8: Launching mavenrun-b5ee7e93-ad09-444d-b71c-86874c404ef5] INFO  o.eclipse.m2e.core.internal.Bundles - 	Entry: C:\Users\singh\.p2\pool\plugins\org.eclipse.m2e.maven.runtime_3.9.500.20231113-2345\jars\httpclient-4.5.14.jar
2024-02-13 17:23:21,780 [Worker-8: Launching mavenrun-b5ee7e93-ad09-444d-b71c-86874c404ef5] INFO  o.eclipse.m2e.core.internal.Bundles - 	Entry: C:\Users\singh\.p2\pool\plugins\org.eclipse.m2e.maven.runtime_3.9.500.20231113-2345\jars\httpcore-4.4.16.jar
2024-02-13 17:23:21,781 [Worker-8: Launching mavenrun-b5ee7e93-ad09-444d-b71c-86874c404ef5] INFO  o.eclipse.m2e.core.internal.Bundles - 	Entry: C:\Users\singh\.p2\pool\plugins\org.eclipse.m2e.maven.runtime_3.9.500.20231113-2345\jars\jansi-2.4.0.jar
2024-02-13 17:23:21,782 [Worker-8: Launching mavenrun-b5ee7e93-ad09-444d-b71c-86874c404ef5] INFO  o.eclipse.m2e.core.internal.Bundles - 	Entry: C:\Users\singh\.p2\pool\plugins\org.eclipse.m2e.maven.runtime_3.9.500.20231113-2345\jars\jcl-over-slf4j-1.7.36.jar
2024-02-13 17:23:21,783 [Worker-8: Launching mavenrun-b5ee7e93-ad09-444d-b71c-86874c404ef5] INFO  o.eclipse.m2e.core.internal.Bundles - 	Entry: C:\Users\singh\.p2\pool\plugins\org.eclipse.m2e.maven.runtime_3.9.500.20231113-2345\jars\maven-artifact-3.9.5.jar
2024-02-13 17:23:21,785 [Worker-8: Launching mavenrun-b5ee7e93-ad09-444d-b71c-86874c404ef5] INFO  o.eclipse.m2e.core.internal.Bundles - 	Entry: C:\Users\singh\.p2\pool\plugins\org.eclipse.m2e.maven.runtime_3.9.500.20231113-2345\jars\maven-builder-support-3.9.5.jar
2024-02-13 17:23:21,786 [Worker-8: Launching mavenrun-b5ee7e93-ad09-444d-b71c-86874c404ef5] INFO  o.eclipse.m2e.core.internal.Bundles - 	Entry: C:\Users\singh\.p2\pool\plugins\org.eclipse.m2e.maven.runtime_3.9.500.20231113-2345\jars\maven-compat-3.9.5.jar
2024-02-13 17:23:21,788 [Worker-8: Launching mavenrun-b5ee7e93-ad09-444d-b71c-86874c404ef5] INFO  o.eclipse.m2e.core.internal.Bundles - 	Entry: C:\Users\singh\.p2\pool\plugins\org.eclipse.m2e.maven.runtime_3.9.500.20231113-2345\jars\maven-core-3.9.5.jar
2024-02-13 17:23:21,789 [Worker-8: Launching mavenrun-b5ee7e93-ad09-444d-b71c-86874c404ef5] INFO  o.eclipse.m2e.core.internal.Bundles - 	Entry: C:\Users\singh\.p2\pool\plugins\org.eclipse.m2e.maven.runtime_3.9.500.20231113-2345\jars\maven-embedder-3.9.5.jar
2024-02-13 17:23:21,790 [Worker-8: Launching mavenrun-b5ee7e93-ad09-444d-b71c-86874c404ef5] INFO  o.eclipse.m2e.core.internal.Bundles - 	Entry: C:\Users\singh\.p2\pool\plugins\org.eclipse.m2e.maven.runtime_3.9.500.20231113-2345\jars\maven-model-3.9.5.jar
2024-02-13 17:23:21,791 [Worker-8: Launching mavenrun-b5ee7e93-ad09-444d-b71c-86874c404ef5] INFO  o.eclipse.m2e.core.internal.Bundles - 	Entry: C:\Users\singh\.p2\pool\plugins\org.eclipse.m2e.maven.runtime_3.9.500.20231113-2345\jars\maven-model-builder-3.9.5.jar
2024-02-13 17:23:21,792 [Worker-8: Launching mavenrun-b5ee7e93-ad09-444d-b71c-86874c404ef5] INFO  o.eclipse.m2e.core.internal.Bundles - 	Entry: C:\Users\singh\.p2\pool\plugins\org.eclipse.m2e.maven.runtime_3.9.500.20231113-2345\jars\maven-plugin-api-3.9.5.jar
2024-02-13 17:23:21,793 [Worker-8: Launching mavenrun-b5ee7e93-ad09-444d-b71c-86874c404ef5] INFO  o.eclipse.m2e.core.internal.Bundles - 	Entry: C:\Users\singh\.p2\pool\plugins\org.eclipse.m2e.maven.runtime_3.9.500.20231113-2345\jars\maven-repository-metadata-3.9.5.jar
2024-02-13 17:23:21,794 [Worker-8: Launching mavenrun-b5ee7e93-ad09-444d-b71c-86874c404ef5] INFO  o.eclipse.m2e.core.internal.Bundles - 	Entry: C:\Users\singh\.p2\pool\plugins\org.eclipse.m2e.maven.runtime_3.9.500.20231113-2345\jars\maven-resolver-api-1.9.16.jar
2024-02-13 17:23:21,795 [Worker-8: Launching mavenrun-b5ee7e93-ad09-444d-b71c-86874c404ef5] INFO  o.eclipse.m2e.core.internal.Bundles - 	Entry: C:\Users\singh\.p2\pool\plugins\org.eclipse.m2e.maven.runtime_3.9.500.20231113-2345\jars\maven-resolver-connector-basic-1.9.16.jar
2024-02-13 17:23:21,796 [Worker-8: Launching mavenrun-b5ee7e93-ad09-444d-b71c-86874c404ef5] INFO  o.eclipse.m2e.core.internal.Bundles - 	Entry: C:\Users\singh\.p2\pool\plugins\org.eclipse.m2e.maven.runtime_3.9.500.20231113-2345\jars\maven-resolver-impl-1.9.16.jar
2024-02-13 17:23:21,798 [Worker-8: Launching mavenrun-b5ee7e93-ad09-444d-b71c-86874c404ef5] INFO  o.eclipse.m2e.core.internal.Bundles - 	Entry: C:\Users\singh\.p2\pool\plugins\org.eclipse.m2e.maven.runtime_3.9.500.20231113-2345\jars\maven-resolver-named-locks-1.9.16.jar
2024-02-13 17:23:21,799 [Worker-8: Launching mavenrun-b5ee7e93-ad09-444d-b71c-86874c404ef5] INFO  o.eclipse.m2e.core.internal.Bundles - 	Entry: C:\Users\singh\.p2\pool\plugins\org.eclipse.m2e.maven.runtime_3.9.500.20231113-2345\jars\maven-resolver-provider-3.9.5.jar
2024-02-13 17:23:21,800 [Worker-8: Launching mavenrun-b5ee7e93-ad09-444d-b71c-86874c404ef5] INFO  o.eclipse.m2e.core.internal.Bundles - 	Entry: C:\Users\singh\.p2\pool\plugins\org.eclipse.m2e.maven.runtime_3.9.500.20231113-2345\jars\maven-resolver-spi-1.9.16.jar
2024-02-13 17:23:21,802 [Worker-8: Launching mavenrun-b5ee7e93-ad09-444d-b71c-86874c404ef5] INFO  o.eclipse.m2e.core.internal.Bundles - 	Entry: C:\Users\singh\.p2\pool\plugins\org.eclipse.m2e.maven.runtime_3.9.500.20231113-2345\jars\maven-resolver-transport-file-1.9.16.jar
2024-02-13 17:23:21,803 [Worker-8: Launching mavenrun-b5ee7e93-ad09-444d-b71c-86874c404ef5] INFO  o.eclipse.m2e.core.internal.Bundles - 	Entry: C:\Users\singh\.p2\pool\plugins\org.eclipse.m2e.maven.runtime_3.9.500.20231113-2345\jars\maven-resolver-transport-http-1.9.16.jar
2024-02-13 17:23:21,804 [Worker-8: Launching mavenrun-b5ee7e93-ad09-444d-b71c-86874c404ef5] INFO  o.eclipse.m2e.core.internal.Bundles - 	Entry: C:\Users\singh\.p2\pool\plugins\org.eclipse.m2e.maven.runtime_3.9.500.20231113-2345\jars\maven-resolver-transport-wagon-1.9.16.jar
2024-02-13 17:23:21,805 [Worker-8: Launching mavenrun-b5ee7e93-ad09-444d-b71c-86874c404ef5] INFO  o.eclipse.m2e.core.internal.Bundles - 	Entry: C:\Users\singh\.p2\pool\plugins\org.eclipse.m2e.maven.runtime_3.9.500.20231113-2345\jars\maven-resolver-util-1.9.16.jar
2024-02-13 17:23:21,806 [Worker-8: Launching mavenrun-b5ee7e93-ad09-444d-b71c-86874c404ef5] INFO  o.eclipse.m2e.core.internal.Bundles - 	Entry: C:\Users\singh\.p2\pool\plugins\org.eclipse.m2e.maven.runtime_3.9.500.20231113-2345\jars\maven-settings-3.9.5.jar
2024-02-13 17:23:21,807 [Worker-8: Launching mavenrun-b5ee7e93-ad09-444d-b71c-86874c404ef5] INFO  o.eclipse.m2e.core.internal.Bundles - 	Entry: C:\Users\singh\.p2\pool\plugins\org.eclipse.m2e.maven.runtime_3.9.500.20231113-2345\jars\maven-settings-builder-3.9.5.jar
2024-02-13 17:23:21,808 [Worker-8: Launching mavenrun-b5ee7e93-ad09-444d-b71c-86874c404ef5] INFO  o.eclipse.m2e.core.internal.Bundles - 	Entry: C:\Users\singh\.p2\pool\plugins\org.eclipse.m2e.maven.runtime_3.9.500.20231113-2345\jars\maven-shared-utils-3.3.4.jar
2024-02-13 17:23:21,810 [Worker-8: Launching mavenrun-b5ee7e93-ad09-444d-b71c-86874c404ef5] INFO  o.eclipse.m2e.core.internal.Bundles - 	Entry: C:\Users\singh\.p2\pool\plugins\org.eclipse.m2e.maven.runtime_3.9.500.20231113-2345\jars\org.eclipse.sisu.inject-0.3.5.jar
2024-02-13 17:23:21,812 [Worker-8: Launching mavenrun-b5ee7e93-ad09-444d-b71c-86874c404ef5] INFO  o.eclipse.m2e.core.internal.Bundles - 	Entry: C:\Users\singh\.p2\pool\plugins\org.eclipse.m2e.maven.runtime_3.9.500.20231113-2345\jars\org.eclipse.sisu.plexus-0.3.5.jar
2024-02-13 17:23:21,813 [Worker-8: Launching mavenrun-b5ee7e93-ad09-444d-b71c-86874c404ef5] INFO  o.eclipse.m2e.core.internal.Bundles - 	Entry: C:\Users\singh\.p2\pool\plugins\org.eclipse.m2e.maven.runtime_3.9.500.20231113-2345\jars\plexus-build-api-0.0.7.jar
2024-02-13 17:23:21,815 [Worker-8: Launching mavenrun-b5ee7e93-ad09-444d-b71c-86874c404ef5] INFO  o.eclipse.m2e.core.internal.Bundles - 	Entry: C:\Users\singh\.p2\pool\plugins\org.eclipse.m2e.maven.runtime_3.9.500.20231113-2345\jars\plexus-cipher-2.0.jar
2024-02-13 17:23:21,817 [Worker-8: Launching mavenrun-b5ee7e93-ad09-444d-b71c-86874c404ef5] INFO  o.eclipse.m2e.core.internal.Bundles - 	Entry: C:\Users\singh\.p2\pool\plugins\org.eclipse.m2e.maven.runtime_3.9.500.20231113-2345\jars\plexus-classworlds-2.7.0.jar
2024-02-13 17:23:21,818 [Worker-8: Launching mavenrun-b5ee7e93-ad09-444d-b71c-86874c404ef5] INFO  o.eclipse.m2e.core.internal.Bundles - 	Entry: C:\Users\singh\.p2\pool\plugins\org.eclipse.m2e.maven.runtime_3.9.500.20231113-2345\jars\plexus-component-annotations-2.1.0.jar
2024-02-13 17:23:21,819 [Worker-8: Launching mavenrun-b5ee7e93-ad09-444d-b71c-86874c404ef5] INFO  o.eclipse.m2e.core.internal.Bundles - 	Entry: C:\Users\singh\.p2\pool\plugins\org.eclipse.m2e.maven.runtime_3.9.500.20231113-2345\jars\plexus-interpolation-1.26.jar
2024-02-13 17:23:21,820 [Worker-8: Launching mavenrun-b5ee7e93-ad09-444d-b71c-86874c404ef5] INFO  o.eclipse.m2e.core.internal.Bundles - 	Entry: C:\Users\singh\.p2\pool\plugins\org.eclipse.m2e.maven.runtime_3.9.500.20231113-2345\jars\plexus-sec-dispatcher-2.0.jar
2024-02-13 17:23:21,820 [Worker-8: Launching mavenrun-b5ee7e93-ad09-444d-b71c-86874c404ef5] INFO  o.eclipse.m2e.core.internal.Bundles - 	Entry: C:\Users\singh\.p2\pool\plugins\org.eclipse.m2e.maven.runtime_3.9.500.20231113-2345\jars\plexus-utils-3.5.1.jar
2024-02-13 17:23:21,821 [Worker-8: Launching mavenrun-b5ee7e93-ad09-444d-b71c-86874c404ef5] INFO  o.eclipse.m2e.core.internal.Bundles - 	Entry: C:\Users\singh\.p2\pool\plugins\org.eclipse.m2e.maven.runtime_3.9.500.20231113-2345\jars\wagon-file-3.5.3.jar
2024-02-13 17:23:21,822 [Worker-8: Launching mavenrun-b5ee7e93-ad09-444d-b71c-86874c404ef5] INFO  o.eclipse.m2e.core.internal.Bundles - 	Entry: C:\Users\singh\.p2\pool\plugins\org.eclipse.m2e.maven.runtime_3.9.500.20231113-2345\jars\wagon-http-3.5.3.jar
2024-02-13 17:23:21,823 [Worker-8: Launching mavenrun-b5ee7e93-ad09-444d-b71c-86874c404ef5] INFO  o.eclipse.m2e.core.internal.Bundles - 	Entry: C:\Users\singh\.p2\pool\plugins\org.eclipse.m2e.maven.runtime_3.9.500.20231113-2345\jars\wagon-http-shared-3.5.3.jar
2024-02-13 17:23:21,823 [Worker-8: Launching mavenrun-b5ee7e93-ad09-444d-b71c-86874c404ef5] INFO  o.eclipse.m2e.core.internal.Bundles - 	Entry: C:\Users\singh\.p2\pool\plugins\org.eclipse.m2e.maven.runtime_3.9.500.20231113-2345\jars\wagon-provider-api-3.5.3.jar
2024-02-13 17:23:21,830 [Worker-8: Launching mavenrun-b5ee7e93-ad09-444d-b71c-86874c404ef5] INFO  o.eclipse.m2e.core.internal.Bundles - getClasspathEntries(Bundle=com.google.guava_32.1.3.jre [12])
2024-02-13 17:23:21,833 [Worker-8: Launching mavenrun-b5ee7e93-ad09-444d-b71c-86874c404ef5] INFO  o.eclipse.m2e.core.internal.Bundles - 	Entry: C:\Users\singh\.p2\pool\plugins\com.google.guava_32.1.3.jre.jar
2024-02-13 17:23:21,834 [Worker-8: Launching mavenrun-b5ee7e93-ad09-444d-b71c-86874c404ef5] INFO  o.eclipse.m2e.core.internal.Bundles - getClasspathEntries(Bundle=slf4j.api_2.0.11 [986])
2024-02-13 17:23:21,837 [Worker-8: Launching mavenrun-b5ee7e93-ad09-444d-b71c-86874c404ef5] INFO  o.eclipse.m2e.core.internal.Bundles - 	Entry: C:\Users\singh\.p2\pool\plugins\slf4j.api_2.0.11.jar
2024-02-13 17:23:21,838 [Worker-8: Launching mavenrun-b5ee7e93-ad09-444d-b71c-86874c404ef5] INFO  o.eclipse.m2e.core.internal.Bundles - getClasspathEntries(Bundle=jakarta.inject.jakarta.inject-api_1.0.5 [29])
2024-02-13 17:23:21,840 [Worker-8: Launching mavenrun-b5ee7e93-ad09-444d-b71c-86874c404ef5] INFO  o.eclipse.m2e.core.internal.Bundles - 	Entry: C:\Users\singh\.p2\pool\plugins\jakarta.inject.jakarta.inject-api_1.0.5.jar
2024-02-13 17:23:21,841 [Worker-8: Launching mavenrun-b5ee7e93-ad09-444d-b71c-86874c404ef5] INFO  o.eclipse.m2e.core.internal.Bundles - getClasspathEntries(Bundle=jakarta.annotation-api_1.3.5 [24])
2024-02-13 17:23:21,843 [Worker-8: Launching mavenrun-b5ee7e93-ad09-444d-b71c-86874c404ef5] INFO  o.eclipse.m2e.core.internal.Bundles - 	Entry: C:\Users\singh\.p2\pool\plugins\jakarta.annotation-api_1.3.5.jar
2024-02-13 17:23:21,843 [Worker-8: Launching mavenrun-b5ee7e93-ad09-444d-b71c-86874c404ef5] INFO  o.eclipse.m2e.core.internal.Bundles - getClasspathEntries(Bundle=org.apache.commons.cli_1.6.0 [71])
2024-02-13 17:23:21,844 [Worker-8: Launching mavenrun-b5ee7e93-ad09-444d-b71c-86874c404ef5] INFO  o.eclipse.m2e.core.internal.Bundles - 	Entry: C:\Users\singh\.p2\pool\plugins\org.apache.commons.cli_1.6.0.jar
2024-02-13 17:23:21,845 [Worker-8: Launching mavenrun-b5ee7e93-ad09-444d-b71c-86874c404ef5] INFO  o.eclipse.m2e.core.internal.Bundles - getClasspathEntries(Bundle=org.apache.commons.commons-codec_1.16.0 [75])
2024-02-13 17:23:21,846 [Worker-8: Launching mavenrun-b5ee7e93-ad09-444d-b71c-86874c404ef5] INFO  o.eclipse.m2e.core.internal.Bundles - 	Entry: C:\Users\singh\.p2\pool\plugins\org.apache.commons.commons-codec_1.16.0.jar
2024-02-13 17:23:21,847 [Worker-8: Launching mavenrun-b5ee7e93-ad09-444d-b71c-86874c404ef5] INFO  o.eclipse.m2e.core.internal.Bundles - getClasspathEntries(Bundle=org.apache.commons.lang3_3.13.0 [82])
2024-02-13 17:23:21,849 [Worker-8: Launching mavenrun-b5ee7e93-ad09-444d-b71c-86874c404ef5] INFO  o.eclipse.m2e.core.internal.Bundles - 	Entry: C:\Users\singh\.p2\pool\plugins\org.apache.commons.lang3_3.13.0.jar
2024-02-13 17:23:21,849 [Worker-8: Launching mavenrun-b5ee7e93-ad09-444d-b71c-86874c404ef5] INFO  o.eclipse.m2e.core.internal.Bundles - getClasspathEntries(Bundle=com.google.guava.failureaccess_1.0.2 [13])
2024-02-13 17:23:21,851 [Worker-8: Launching mavenrun-b5ee7e93-ad09-444d-b71c-86874c404ef5] INFO  o.eclipse.m2e.core.internal.Bundles - 	Entry: C:\Users\singh\.p2\pool\plugins\com.google.guava.failureaccess_1.0.2.jar
2024-02-13 17:23:21,870 [Worker-8: Launching mavenrun-b5ee7e93-ad09-444d-b71c-86874c404ef5] INFO  o.e.m.i.launch.MavenLaunchDelegate - Run build in "C:\Users\singh\AppData\Local\Temp\m2e-archetypeGenerator1170230018927996233":
2024-02-13 17:23:21,881 [Worker-8: Launching mavenrun-b5ee7e93-ad09-444d-b71c-86874c404ef5] INFO  o.e.m.i.launch.MavenLaunchDelegate -  mvn  -DarchetypeGroupId=org.apache.maven.archetypes -DarchetypeArtifactId=maven-archetype-webapp -DarchetypeVersion=1.0 -DgroupId=com.deeksha.test -DartifactId=test.Deeksha -Dversion=0.0.1-SNAPSHOT -Dpackage=com.deeksha.test.test.Deeksha -DoutputDirectory=E:\jenkins\ThirdDemo -Dstyle.color=always -U archetype:generate
2024-02-13 17:23:40,682 [Worker-11: Creating maven-archetype-webapp] INFO  o.e.m.c.i.p.ProjectConfigurationManager - Collecting project info '/pom.xml' E:\jenkins\ThirdDemo\test.Deeksha\pom.xml
2024-02-13 17:23:42,310 [Worker-11: Creating maven-archetype-webapp] INFO  o.e.m.c.i.l.LifecycleMappingFactory - Using org.maven.ide.eclipse.wtp.WarLifecycleMapping lifecycle mapping for MavenProject: com.deeksha.test:test.Deeksha:0.0.1-SNAPSHOT @ E:\jenkins\ThirdDemo\test.Deeksha\pom.xml.
2024-02-13 17:23:44,815 [Worker-11: Creating maven-archetype-webapp] INFO  o.e.m.j.i.AbstractJavaProjectConfigurator - Adding source folder /test.Deeksha/src/main/java
2024-02-13 17:23:44,816 [Worker-11: Creating maven-archetype-webapp] INFO  o.e.m.j.i.AbstractJavaProjectConfigurator - Adding resource folder /test.Deeksha/src/main/resources
2024-02-13 17:23:44,820 [Worker-11: Creating maven-archetype-webapp] INFO  o.e.m.j.i.AbstractJavaProjectConfigurator - Adding source folder /test.Deeksha/src/test/java
2024-02-13 17:23:44,822 [Worker-11: Creating maven-archetype-webapp] INFO  o.e.m.j.i.AbstractJavaProjectConfigurator - Adding resource folder /test.Deeksha/src/test/resources
2024-02-13 17:23:48,177 [Worker-11: Creating maven-archetype-webapp] ERROR o.e.m.w.jsf.internal.utils.JSFUtils - An error occurred trying to find javax.faces.webapp.FacesServlet :
java.net.UnknownHostException: java.sun.com
	at java.base/sun.nio.ch.NioSocketImpl.connect(NioSocketImpl.java:572)
	at java.base/java.net.Socket.connect(Socket.java:633)
	at java.base/java.net.Socket.connect(Socket.java:583)
	at java.base/sun.net.NetworkClient.doConnect(NetworkClient.java:183)
	at java.base/sun.net.www.http.HttpClient.openServer(HttpClient.java:534)
	at java.base/sun.net.www.http.HttpClient.openServer(HttpClient.java:639)
	at java.base/sun.net.www.http.HttpClient.<init>(HttpClient.java:282)
	at java.base/sun.net.www.http.HttpClient.New(HttpClient.java:387)
	at java.base/sun.net.www.http.HttpClient.New(HttpClient.java:409)
	at java.base/sun.net.www.protocol.http.HttpURLConnection.getNewHttpClient(HttpURLConnection.java:1309)
	at java.base/sun.net.www.protocol.http.HttpURLConnection.plainConnect0(HttpURLConnection.java:1242)
	at java.base/sun.net.www.protocol.http.HttpURLConnection.plainConnect(HttpURLConnection.java:1128)
	at java.base/sun.net.www.protocol.http.HttpURLConnection.connect(HttpURLConnection.java:1057)
	at java.base/sun.net.www.protocol.http.HttpURLConnection.getInputStream0(HttpURLConnection.java:1665)
	at java.base/sun.net.www.protocol.http.HttpURLConnection.getInputStream(HttpURLConnection.java:1589)
	at java.xml/com.sun.org.apache.xerces.internal.impl.XMLEntityManager.setupCurrentEntity(XMLEntityManager.java:677)
	at java.xml/com.sun.org.apache.xerces.internal.impl.XMLEntityManager.startEntity(XMLEntityManager.java:1397)
	at java.xml/com.sun.org.apache.xerces.internal.impl.XMLEntityManager.startDTDEntity(XMLEntityManager.java:1363)
	at java.xml/com.sun.org.apache.xerces.internal.impl.XMLDTDScannerImpl.setInputSource(XMLDTDScannerImpl.java:257)
	at java.xml/com.sun.org.apache.xerces.internal.impl.XMLDocumentScannerImpl$DTDDriver.dispatch(XMLDocumentScannerImpl.java:1152)
	at java.xml/com.sun.org.apache.xerces.internal.impl.XMLDocumentScannerImpl$DTDDriver.next(XMLDocumentScannerImpl.java:1040)
	at java.xml/com.sun.org.apache.xerces.internal.impl.XMLDocumentScannerImpl$PrologDriver.next(XMLDocumentScannerImpl.java:943)
	at java.xml/com.sun.org.apache.xerces.internal.impl.XMLDocumentScannerImpl.next(XMLDocumentScannerImpl.java:605)
	at java.xml/com.sun.org.apache.xerces.internal.impl.XMLDocumentFragmentScannerImpl.scanDocument(XMLDocumentFragmentScannerImpl.java:542)
	at java.xml/com.sun.org.apache.xerces.internal.parsers.XML11Configuration.parse(XML11Configuration.java:889)
	at java.xml/com.sun.org.apache.xerces.internal.parsers.XML11Configuration.parse(XML11Configuration.java:825)
	at java.xml/com.sun.org.apache.xerces.internal.parsers.XMLParser.parse(XMLParser.java:141)
	at java.xml/com.sun.org.apache.xerces.internal.parsers.DOMParser.parse(DOMParser.java:247)
	at java.xml/com.sun.org.apache.xerces.internal.jaxp.DocumentBuilderImpl.parse(DocumentBuilderImpl.java:342)
	at java.xml/javax.xml.parsers.DocumentBuilder.parse(DocumentBuilder.java:122)
	at org.eclipse.m2e.wtp.jsf.internal.utils.JSFUtils.hasFacesServlet(JSFUtils.java:141)
	at org.eclipse.m2e.wtp.jsf.internal.utils.JSFUtils.hasFacesServlet(JSFUtils.java:117)
	at org.eclipse.m2e.wtp.jsf.internal.configurators.WebXmlJSFFacetDetector.hasFacesServletInWebXml(WebXmlJSFFacetDetector.java:82)
	at org.eclipse.m2e.wtp.jsf.internal.configurators.WebXmlJSFFacetDetector.findFacetVersion(WebXmlJSFFacetDetector.java:57)
	at org.eclipse.m2e.wtp.facets.FacetDetectorManager.findFacetVersion(FacetDetectorManager.java:93)
	at org.eclipse.m2e.wtp.facets.FacetDetectorManager.findFacetVersion(FacetDetectorManager.java:63)
	at org.eclipse.m2e.wtp.jsf.internal.configurators.JSFProjectConfigurator.configureInternal(JSFProjectConfigurator.java:95)
	at org.eclipse.m2e.wtp.jsf.internal.configurators.JSFProjectConfigurator.configure(JSFProjectConfigurator.java:70)
	at org.eclipse.m2e.core.project.configurator.AbstractLifecycleMapping.configure(AbstractLifecycleMapping.java:123)
	at org.eclipse.m2e.core.internal.project.ProjectConfigurationManager.lambda$6(ProjectConfigurationManager.java:503)
	at org.eclipse.m2e.core.internal.embedder.MavenExecutionContext.executeBare(MavenExecutionContext.java:394)
	at org.eclipse.m2e.core.internal.embedder.MavenExecutionContext.execute(MavenExecutionContext.java:275)
	at org.eclipse.m2e.core.internal.project.ProjectConfigurationManager.updateProjectConfiguration(ProjectConfigurationManager.java:497)
	at org.eclipse.m2e.core.internal.project.ProjectConfigurationManager.configureNewMavenProjects(ProjectConfigurationManager.java:278)
	at org.eclipse.m2e.core.internal.project.ProjectConfigurationManager.lambda$1(ProjectConfigurationManager.java:165)
	at org.eclipse.m2e.core.internal.embedder.MavenExecutionContext.executeBare(MavenExecutionContext.java:394)
	at org.eclipse.m2e.core.internal.embedder.MavenExecutionContext.execute(MavenExecutionContext.java:275)
	at org.eclipse.m2e.core.internal.embedder.MavenExecutionContext.execute(MavenExecutionContext.java:214)
	at org.eclipse.m2e.core.internal.project.ProjectConfigurationManager.importProjects(ProjectConfigurationManager.java:138)
	at org.eclipse.m2e.core.ui.internal.wizards.MavenProjectWizard$3.doCreateMavenProjects(MavenProjectWizard.java:251)
	at org.eclipse.m2e.core.ui.internal.wizards.AbstractCreateMavenProjectJob$1.doCreateMavenProjects(AbstractCreateMavenProjectJob.java:51)
	at org.eclipse.m2e.core.ui.internal.wizards.AbstractCreateMavenProjectsOperation.run(AbstractCreateMavenProjectsOperation.java:56)
	at org.eclipse.m2e.core.ui.internal.wizards.AbstractCreateMavenProjectJob.runInWorkspace(AbstractCreateMavenProjectJob.java:55)
	at org.eclipse.core.internal.resources.InternalWorkspaceJob.run(InternalWorkspaceJob.java:43)
	at org.eclipse.core.internal.jobs.Worker.run(Worker.java:63)
2024-02-13 17:23:48,749 [Worker-11: Creating maven-archetype-webapp] INFO  o.e.m.c.i.p.ProjectConfigurationManager - Imported and configured 1 project(s) in 8 sec
2024-02-13 17:23:50,313 [Worker-0: Building] WARN  o.a.m.s.f.DefaultMavenResourcesFiltering - Using platform encoding (Cp1252 actually) to copy filtered resources, i.e. build is platform dependent!
2024-02-13 17:23:50,454 [Worker-0: Building] INFO  o.a.m.s.f.DefaultMavenResourcesFiltering - Copying 0 resource from src\main\resources to target\classes
2024-02-13 17:23:50,477 [Worker-0: Building] WARN  o.a.m.s.f.DefaultMavenResourcesFiltering - Using platform encoding (Cp1252 actually) to copy filtered resources, i.e. build is platform dependent!
2024-02-13 17:23:50,481 [Worker-0: Building] INFO  o.a.m.s.f.DefaultMavenResourcesFiltering - skip non existing resourceDirectory E:\jenkins\ThirdDemo\test.Deeksha\src\test\resources
2024-02-13 17:24:51,098 [Worker-14: Updating Maven Project] INFO  o.e.m.c.i.p.ProjectConfigurationManager - Update started
2024-02-13 17:24:52,066 [Worker-14: Updating Maven Project] INFO  o.e.m.c.i.l.LifecycleMappingFactory - Using org.maven.ide.eclipse.wtp.WarLifecycleMapping lifecycle mapping for MavenProject: com.deeksha.test:test.Deeksha:0.0.1-SNAPSHOT @ E:\jenkins\ThirdDemo\test.Deeksha\pom.xml.
2024-02-13 17:24:54,276 [Worker-14: Updating Maven Project] INFO  o.e.m.j.i.AbstractJavaProjectConfigurator - Adding source folder /test.Deeksha/src/main/java
2024-02-13 17:24:54,277 [Worker-14: Updating Maven Project] INFO  o.e.m.j.i.AbstractJavaProjectConfigurator - Adding resource folder /test.Deeksha/src/main/resources
2024-02-13 17:24:54,278 [Worker-14: Updating Maven Project] INFO  o.e.m.j.i.AbstractJavaProjectConfigurator - Adding source folder /test.Deeksha/src/test/java
2024-02-13 17:24:54,279 [Worker-14: Updating Maven Project] INFO  o.e.m.j.i.AbstractJavaProjectConfigurator - Adding resource folder /test.Deeksha/src/test/resources
2024-02-13 17:24:55,042 [Worker-14: Updating Maven Project] INFO  o.e.m.w.i.f.ResourceFilteringBuildParticipant - Cleaning filtered folder for test.Deeksha
2024-02-13 17:24:55,095 [Worker-14: Updating Maven Project] INFO  o.e.m.c.i.p.ProjectConfigurationManager - Update completed for 1 poms: local refresh takes 0.00 sec, refresh facades takes 2.00 sec, update config takes 0.00 sec 
2024-02-13 17:24:55,390 [Worker-3: Building] WARN  o.a.m.s.f.DefaultMavenResourcesFiltering - Using platform encoding (Cp1252 actually) to copy filtered resources, i.e. build is platform dependent!
2024-02-13 17:24:55,394 [Worker-3: Building] INFO  o.a.m.s.f.DefaultMavenResourcesFiltering - Copying 0 resource from src\main\resources to target\classes
2024-02-13 17:24:55,404 [Worker-3: Building] WARN  o.a.m.s.f.DefaultMavenResourcesFiltering - Using platform encoding (Cp1252 actually) to copy filtered resources, i.e. build is platform dependent!
2024-02-13 17:24:55,408 [Worker-3: Building] INFO  o.a.m.s.f.DefaultMavenResourcesFiltering - skip non existing resourceDirectory E:\jenkins\ThirdDemo\test.Deeksha\src\test\resources
2024-02-13 17:24:55,409 [Worker-3: Building] INFO  o.e.m.w.i.f.ResourceFilteringBuildParticipant - Changed resources require a complete clean of filtered resources of test.Deeksha
2024-02-13 17:24:55,416 [Worker-3: Building] INFO  o.e.m.w.i.f.ResourceFilteringBuildParticipant - Executing resource filtering for test.Deeksha
2024-02-13 17:25:48,003 [Worker-8: Building] WARN  o.a.m.s.f.DefaultMavenResourcesFiltering - Using platform encoding (Cp1252 actually) to copy filtered resources, i.e. build is platform dependent!
2024-02-13 17:25:48,011 [Worker-8: Building] INFO  o.a.m.s.f.DefaultMavenResourcesFiltering - Copying 0 resource from src\main\resources to target\classes
2024-02-13 17:25:48,020 [Worker-8: Building] WARN  o.a.m.s.f.DefaultMavenResourcesFiltering - Using platform encoding (Cp1252 actually) to copy filtered resources, i.e. build is platform dependent!
2024-02-13 17:25:48,024 [Worker-8: Building] INFO  o.a.m.s.f.DefaultMavenResourcesFiltering - Copying 0 resource from src\test\resources to target\test-classes
2024-02-13 17:26:03,189 [Worker-11: Download sources and javadoc] INFO  o.e.m.j.internal.DownloadSourcesJob - Downloaded sources for junit:junit:3.8.1
2024-02-13 17:26:18,236 [Worker-0: Updating Maven Project] INFO  o.e.m.c.i.p.ProjectConfigurationManager - Update started
2024-02-13 17:26:18,862 [Worker-0: Updating Maven Project] INFO  o.e.m.c.i.l.LifecycleMappingFactory - Using org.maven.ide.eclipse.wtp.WarLifecycleMapping lifecycle mapping for MavenProject: com.deeksha.test:test.Deeksha:0.0.1-SNAPSHOT @ E:\jenkins\ThirdDemo\test.Deeksha\pom.xml.
2024-02-13 17:26:20,423 [Worker-0: Updating Maven Project] INFO  o.e.m.j.i.AbstractJavaProjectConfigurator - Adding source folder /test.Deeksha/src/main/java
2024-02-13 17:26:20,423 [Worker-0: Updating Maven Project] INFO  o.e.m.j.i.AbstractJavaProjectConfigurator - Adding resource folder /test.Deeksha/src/main/resources
2024-02-13 17:26:20,424 [Worker-0: Updating Maven Project] INFO  o.e.m.j.i.AbstractJavaProjectConfigurator - Adding source folder /test.Deeksha/src/test/java
2024-02-13 17:26:20,425 [Worker-0: Updating Maven Project] INFO  o.e.m.j.i.AbstractJavaProjectConfigurator - Adding resource folder /test.Deeksha/src/test/resources
2024-02-13 17:26:21,242 [Worker-0: Updating Maven Project] INFO  o.e.m.w.i.f.ResourceFilteringBuildParticipant - Cleaning filtered folder for test.Deeksha
2024-02-13 17:26:21,277 [Worker-0: Updating Maven Project] INFO  o.e.m.c.i.p.ProjectConfigurationManager - Update completed for 1 poms: local refresh takes 0.00 sec, refresh facades takes 1.00 sec, update config takes 0.00 sec 
2024-02-13 17:26:21,537 [Worker-16: Building] WARN  o.a.m.s.f.DefaultMavenResourcesFiltering - Using platform encoding (Cp1252 actually) to copy filtered resources, i.e. build is platform dependent!
2024-02-13 17:26:21,542 [Worker-16: Building] INFO  o.a.m.s.f.DefaultMavenResourcesFiltering - Copying 0 resource from src\main\resources to target\classes
2024-02-13 17:26:21,553 [Worker-16: Building] WARN  o.a.m.s.f.DefaultMavenResourcesFiltering - Using platform encoding (Cp1252 actually) to copy filtered resources, i.e. build is platform dependent!
2024-02-13 17:26:21,557 [Worker-16: Building] INFO  o.a.m.s.f.DefaultMavenResourcesFiltering - Copying 0 resource from src\test\resources to target\test-classes
2024-02-13 17:26:21,558 [Worker-16: Building] INFO  o.e.m.w.i.f.ResourceFilteringBuildParticipant - Changed resources require a complete clean of filtered resources of test.Deeksha
2024-02-13 17:26:21,558 [Worker-16: Building] INFO  o.e.m.w.i.f.ResourceFilteringBuildParticipant - Executing resource filtering for test.Deeksha
2024-02-13 17:27:06,010 [Worker-16: Building] WARN  o.a.m.s.f.DefaultMavenResourcesFiltering - Using platform encoding (Cp1252 actually) to copy filtered resources, i.e. build is platform dependent!
2024-02-13 17:27:06,017 [Worker-16: Building] INFO  o.a.m.s.f.DefaultMavenResourcesFiltering - Copying 0 resource from src\main\resources to target\classes
2024-02-13 17:27:06,030 [Worker-16: Building] WARN  o.a.m.s.f.DefaultMavenResourcesFiltering - Using platform encoding (Cp1252 actually) to copy filtered resources, i.e. build is platform dependent!
2024-02-13 17:27:06,033 [Worker-16: Building] INFO  o.a.m.s.f.DefaultMavenResourcesFiltering - Copying 0 resource from src\test\resources to target\test-classes
2024-02-13 17:27:25,634 [Worker-8: Building] WARN  o.a.m.s.f.DefaultMavenResourcesFiltering - Using platform encoding (Cp1252 actually) to copy filtered resources, i.e. build is platform dependent!
2024-02-13 17:27:25,637 [Worker-8: Building] INFO  o.a.m.s.f.DefaultMavenResourcesFiltering - Copying 0 resource from src\main\resources to target\classes
2024-02-13 17:27:25,642 [Worker-8: Building] WARN  o.a.m.s.f.DefaultMavenResourcesFiltering - Using platform encoding (Cp1252 actually) to copy filtered resources, i.e. build is platform dependent!
2024-02-13 17:27:25,644 [Worker-8: Building] INFO  o.a.m.s.f.DefaultMavenResourcesFiltering - Copying 0 resource from src\test\resources to target\test-classes
2024-02-13 17:27:50,039 [Worker-21: Building] WARN  o.a.m.s.f.DefaultMavenResourcesFiltering - Using platform encoding (Cp1252 actually) to copy filtered resources, i.e. build is platform dependent!
2024-02-13 17:27:50,043 [Worker-21: Building] INFO  o.a.m.s.f.DefaultMavenResourcesFiltering - Copying 0 resource from src\main\resources to target\classes
2024-02-13 17:27:50,048 [Worker-21: Building] WARN  o.a.m.s.f.DefaultMavenResourcesFiltering - Using platform encoding (Cp1252 actually) to copy filtered resources, i.e. build is platform dependent!
2024-02-13 17:27:50,052 [Worker-21: Building] INFO  o.a.m.s.f.DefaultMavenResourcesFiltering - Copying 0 resource from src\test\resources to target\test-classes
2024-02-13 17:28:00,626 [Worker-21: Building] WARN  o.a.m.s.f.DefaultMavenResourcesFiltering - Using platform encoding (Cp1252 actually) to copy filtered resources, i.e. build is platform dependent!
2024-02-13 17:28:00,630 [Worker-21: Building] INFO  o.a.m.s.f.DefaultMavenResourcesFiltering - Copying 0 resource from src\main\resources to target\classes
2024-02-13 17:28:00,635 [Worker-21: Building] WARN  o.a.m.s.f.DefaultMavenResourcesFiltering - Using platform encoding (Cp1252 actually) to copy filtered resources, i.e. build is platform dependent!
2024-02-13 17:28:00,638 [Worker-21: Building] INFO  o.a.m.s.f.DefaultMavenResourcesFiltering - Copying 0 resource from src\test\resources to target\test-classes
2024-02-13 17:29:20,950 [Worker-16: Launching Executing clean in E__jenkins_ThirdDemo_test.Deeksha] INFO  o.eclipse.m2e.core.internal.Bundles - getClasspathEntries(Bundle=org.eclipse.m2e.maven.runtime_3.9.500.20231113-2345 [626])
2024-02-13 17:29:20,952 [Worker-16: Launching Executing clean in E__jenkins_ThirdDemo_test.Deeksha] INFO  o.eclipse.m2e.core.internal.Bundles - 	Entry: C:\Users\singh\.p2\pool\plugins\org.eclipse.m2e.maven.runtime_3.9.500.20231113-2345
2024-02-13 17:29:20,953 [Worker-16: Launching Executing clean in E__jenkins_ThirdDemo_test.Deeksha] INFO  o.eclipse.m2e.core.internal.Bundles - 	Entry: C:\Users\singh\.p2\pool\plugins\org.eclipse.m2e.maven.runtime_3.9.500.20231113-2345\jars\aopalliance-1.0.jar
2024-02-13 17:29:20,955 [Worker-16: Launching Executing clean in E__jenkins_ThirdDemo_test.Deeksha] INFO  o.eclipse.m2e.core.internal.Bundles - 	Entry: C:\Users\singh\.p2\pool\plugins\org.eclipse.m2e.maven.runtime_3.9.500.20231113-2345\jars\guice-5.1.0.jar
2024-02-13 17:29:20,956 [Worker-16: Launching Executing clean in E__jenkins_ThirdDemo_test.Deeksha] INFO  o.eclipse.m2e.core.internal.Bundles - 	Entry: C:\Users\singh\.p2\pool\plugins\org.eclipse.m2e.maven.runtime_3.9.500.20231113-2345\jars\httpclient-4.5.14.jar
2024-02-13 17:29:20,957 [Worker-16: Launching Executing clean in E__jenkins_ThirdDemo_test.Deeksha] INFO  o.eclipse.m2e.core.internal.Bundles - 	Entry: C:\Users\singh\.p2\pool\plugins\org.eclipse.m2e.maven.runtime_3.9.500.20231113-2345\jars\httpcore-4.4.16.jar
2024-02-13 17:29:20,958 [Worker-16: Launching Executing clean in E__jenkins_ThirdDemo_test.Deeksha] INFO  o.eclipse.m2e.core.internal.Bundles - 	Entry: C:\Users\singh\.p2\pool\plugins\org.eclipse.m2e.maven.runtime_3.9.500.20231113-2345\jars\jansi-2.4.0.jar
2024-02-13 17:29:20,959 [Worker-16: Launching Executing clean in E__jenkins_ThirdDemo_test.Deeksha] INFO  o.eclipse.m2e.core.internal.Bundles - 	Entry: C:\Users\singh\.p2\pool\plugins\org.eclipse.m2e.maven.runtime_3.9.500.20231113-2345\jars\jcl-over-slf4j-1.7.36.jar
2024-02-13 17:29:20,959 [Worker-16: Launching Executing clean in E__jenkins_ThirdDemo_test.Deeksha] INFO  o.eclipse.m2e.core.internal.Bundles - 	Entry: C:\Users\singh\.p2\pool\plugins\org.eclipse.m2e.maven.runtime_3.9.500.20231113-2345\jars\maven-artifact-3.9.5.jar
2024-02-13 17:29:20,960 [Worker-16: Launching Executing clean in E__jenkins_ThirdDemo_test.Deeksha] INFO  o.eclipse.m2e.core.internal.Bundles - 	Entry: C:\Users\singh\.p2\pool\plugins\org.eclipse.m2e.maven.runtime_3.9.500.20231113-2345\jars\maven-builder-support-3.9.5.jar
2024-02-13 17:29:20,961 [Worker-16: Launching Executing clean in E__jenkins_ThirdDemo_test.Deeksha] INFO  o.eclipse.m2e.core.internal.Bundles - 	Entry: C:\Users\singh\.p2\pool\plugins\org.eclipse.m2e.maven.runtime_3.9.500.20231113-2345\jars\maven-compat-3.9.5.jar
2024-02-13 17:29:20,961 [Worker-16: Launching Executing clean in E__jenkins_ThirdDemo_test.Deeksha] INFO  o.eclipse.m2e.core.internal.Bundles - 	Entry: C:\Users\singh\.p2\pool\plugins\org.eclipse.m2e.maven.runtime_3.9.500.20231113-2345\jars\maven-core-3.9.5.jar
2024-02-13 17:29:20,962 [Worker-16: Launching Executing clean in E__jenkins_ThirdDemo_test.Deeksha] INFO  o.eclipse.m2e.core.internal.Bundles - 	Entry: C:\Users\singh\.p2\pool\plugins\org.eclipse.m2e.maven.runtime_3.9.500.20231113-2345\jars\maven-embedder-3.9.5.jar
2024-02-13 17:29:20,963 [Worker-16: Launching Executing clean in E__jenkins_ThirdDemo_test.Deeksha] INFO  o.eclipse.m2e.core.internal.Bundles - 	Entry: C:\Users\singh\.p2\pool\plugins\org.eclipse.m2e.maven.runtime_3.9.500.20231113-2345\jars\maven-model-3.9.5.jar
2024-02-13 17:29:20,963 [Worker-16: Launching Executing clean in E__jenkins_ThirdDemo_test.Deeksha] INFO  o.eclipse.m2e.core.internal.Bundles - 	Entry: C:\Users\singh\.p2\pool\plugins\org.eclipse.m2e.maven.runtime_3.9.500.20231113-2345\jars\maven-model-builder-3.9.5.jar
2024-02-13 17:29:20,964 [Worker-16: Launching Executing clean in E__jenkins_ThirdDemo_test.Deeksha] INFO  o.eclipse.m2e.core.internal.Bundles - 	Entry: C:\Users\singh\.p2\pool\plugins\org.eclipse.m2e.maven.runtime_3.9.500.20231113-2345\jars\maven-plugin-api-3.9.5.jar
2024-02-13 17:29:20,965 [Worker-16: Launching Executing clean in E__jenkins_ThirdDemo_test.Deeksha] INFO  o.eclipse.m2e.core.internal.Bundles - 	Entry: C:\Users\singh\.p2\pool\plugins\org.eclipse.m2e.maven.runtime_3.9.500.20231113-2345\jars\maven-repository-metadata-3.9.5.jar
2024-02-13 17:29:20,965 [Worker-16: Launching Executing clean in E__jenkins_ThirdDemo_test.Deeksha] INFO  o.eclipse.m2e.core.internal.Bundles - 	Entry: C:\Users\singh\.p2\pool\plugins\org.eclipse.m2e.maven.runtime_3.9.500.20231113-2345\jars\maven-resolver-api-1.9.16.jar
2024-02-13 17:29:20,965 [Worker-16: Launching Executing clean in E__jenkins_ThirdDemo_test.Deeksha] INFO  o.eclipse.m2e.core.internal.Bundles - 	Entry: C:\Users\singh\.p2\pool\plugins\org.eclipse.m2e.maven.runtime_3.9.500.20231113-2345\jars\maven-resolver-connector-basic-1.9.16.jar
2024-02-13 17:29:20,966 [Worker-16: Launching Executing clean in E__jenkins_ThirdDemo_test.Deeksha] INFO  o.eclipse.m2e.core.internal.Bundles - 	Entry: C:\Users\singh\.p2\pool\plugins\org.eclipse.m2e.maven.runtime_3.9.500.20231113-2345\jars\maven-resolver-impl-1.9.16.jar
2024-02-13 17:29:20,966 [Worker-16: Launching Executing clean in E__jenkins_ThirdDemo_test.Deeksha] INFO  o.eclipse.m2e.core.internal.Bundles - 	Entry: C:\Users\singh\.p2\pool\plugins\org.eclipse.m2e.maven.runtime_3.9.500.20231113-2345\jars\maven-resolver-named-locks-1.9.16.jar
2024-02-13 17:29:20,967 [Worker-16: Launching Executing clean in E__jenkins_ThirdDemo_test.Deeksha] INFO  o.eclipse.m2e.core.internal.Bundles - 	Entry: C:\Users\singh\.p2\pool\plugins\org.eclipse.m2e.maven.runtime_3.9.500.20231113-2345\jars\maven-resolver-provider-3.9.5.jar
2024-02-13 17:29:20,967 [Worker-16: Launching Executing clean in E__jenkins_ThirdDemo_test.Deeksha] INFO  o.eclipse.m2e.core.internal.Bundles - 	Entry: C:\Users\singh\.p2\pool\plugins\org.eclipse.m2e.maven.runtime_3.9.500.20231113-2345\jars\maven-resolver-spi-1.9.16.jar
2024-02-13 17:29:20,968 [Worker-16: Launching Executing clean in E__jenkins_ThirdDemo_test.Deeksha] INFO  o.eclipse.m2e.core.internal.Bundles - 	Entry: C:\Users\singh\.p2\pool\plugins\org.eclipse.m2e.maven.runtime_3.9.500.20231113-2345\jars\maven-resolver-transport-file-1.9.16.jar
2024-02-13 17:29:20,969 [Worker-16: Launching Executing clean in E__jenkins_ThirdDemo_test.Deeksha] INFO  o.eclipse.m2e.core.internal.Bundles - 	Entry: C:\Users\singh\.p2\pool\plugins\org.eclipse.m2e.maven.runtime_3.9.500.20231113-2345\jars\maven-resolver-transport-http-1.9.16.jar
2024-02-13 17:29:20,969 [Worker-16: Launching Executing clean in E__jenkins_ThirdDemo_test.Deeksha] INFO  o.eclipse.m2e.core.internal.Bundles - 	Entry: C:\Users\singh\.p2\pool\plugins\org.eclipse.m2e.maven.runtime_3.9.500.20231113-2345\jars\maven-resolver-transport-wagon-1.9.16.jar
2024-02-13 17:29:20,970 [Worker-16: Launching Executing clean in E__jenkins_ThirdDemo_test.Deeksha] INFO  o.eclipse.m2e.core.internal.Bundles - 	Entry: C:\Users\singh\.p2\pool\plugins\org.eclipse.m2e.maven.runtime_3.9.500.20231113-2345\jars\maven-resolver-util-1.9.16.jar
2024-02-13 17:29:20,971 [Worker-16: Launching Executing clean in E__jenkins_ThirdDemo_test.Deeksha] INFO  o.eclipse.m2e.core.internal.Bundles - 	Entry: C:\Users\singh\.p2\pool\plugins\org.eclipse.m2e.maven.runtime_3.9.500.20231113-2345\jars\maven-settings-3.9.5.jar
2024-02-13 17:29:20,972 [Worker-16: Launching Executing clean in E__jenkins_ThirdDemo_test.Deeksha] INFO  o.eclipse.m2e.core.internal.Bundles - 	Entry: C:\Users\singh\.p2\pool\plugins\org.eclipse.m2e.maven.runtime_3.9.500.20231113-2345\jars\maven-settings-builder-3.9.5.jar
2024-02-13 17:29:20,973 [Worker-16: Launching Executing clean in E__jenkins_ThirdDemo_test.Deeksha] INFO  o.eclipse.m2e.core.internal.Bundles - 	Entry: C:\Users\singh\.p2\pool\plugins\org.eclipse.m2e.maven.runtime_3.9.500.20231113-2345\jars\maven-shared-utils-3.3.4.jar
2024-02-13 17:29:20,973 [Worker-16: Launching Executing clean in E__jenkins_ThirdDemo_test.Deeksha] INFO  o.eclipse.m2e.core.internal.Bundles - 	Entry: C:\Users\singh\.p2\pool\plugins\org.eclipse.m2e.maven.runtime_3.9.500.20231113-2345\jars\org.eclipse.sisu.inject-0.3.5.jar
2024-02-13 17:29:20,974 [Worker-16: Launching Executing clean in E__jenkins_ThirdDemo_test.Deeksha] INFO  o.eclipse.m2e.core.internal.Bundles - 	Entry: C:\Users\singh\.p2\pool\plugins\org.eclipse.m2e.maven.runtime_3.9.500.20231113-2345\jars\org.eclipse.sisu.plexus-0.3.5.jar
2024-02-13 17:29:20,975 [Worker-16: Launching Executing clean in E__jenkins_ThirdDemo_test.Deeksha] INFO  o.eclipse.m2e.core.internal.Bundles - 	Entry: C:\Users\singh\.p2\pool\plugins\org.eclipse.m2e.maven.runtime_3.9.500.20231113-2345\jars\plexus-build-api-0.0.7.jar
2024-02-13 17:29:20,976 [Worker-16: Launching Executing clean in E__jenkins_ThirdDemo_test.Deeksha] INFO  o.eclipse.m2e.core.internal.Bundles - 	Entry: C:\Users\singh\.p2\pool\plugins\org.eclipse.m2e.maven.runtime_3.9.500.20231113-2345\jars\plexus-cipher-2.0.jar
2024-02-13 17:29:20,976 [Worker-16: Launching Executing clean in E__jenkins_ThirdDemo_test.Deeksha] INFO  o.eclipse.m2e.core.internal.Bundles - 	Entry: C:\Users\singh\.p2\pool\plugins\org.eclipse.m2e.maven.runtime_3.9.500.20231113-2345\jars\plexus-classworlds-2.7.0.jar
2024-02-13 17:29:20,977 [Worker-16: Launching Executing clean in E__jenkins_ThirdDemo_test.Deeksha] INFO  o.eclipse.m2e.core.internal.Bundles - 	Entry: C:\Users\singh\.p2\pool\plugins\org.eclipse.m2e.maven.runtime_3.9.500.20231113-2345\jars\plexus-component-annotations-2.1.0.jar
2024-02-13 17:29:20,977 [Worker-16: Launching Executing clean in E__jenkins_ThirdDemo_test.Deeksha] INFO  o.eclipse.m2e.core.internal.Bundles - 	Entry: C:\Users\singh\.p2\pool\plugins\org.eclipse.m2e.maven.runtime_3.9.500.20231113-2345\jars\plexus-interpolation-1.26.jar
2024-02-13 17:29:20,978 [Worker-16: Launching Executing clean in E__jenkins_ThirdDemo_test.Deeksha] INFO  o.eclipse.m2e.core.internal.Bundles - 	Entry: C:\Users\singh\.p2\pool\plugins\org.eclipse.m2e.maven.runtime_3.9.500.20231113-2345\jars\plexus-sec-dispatcher-2.0.jar
2024-02-13 17:29:20,978 [Worker-16: Launching Executing clean in E__jenkins_ThirdDemo_test.Deeksha] INFO  o.eclipse.m2e.core.internal.Bundles - 	Entry: C:\Users\singh\.p2\pool\plugins\org.eclipse.m2e.maven.runtime_3.9.500.20231113-2345\jars\plexus-utils-3.5.1.jar
2024-02-13 17:29:20,979 [Worker-16: Launching Executing clean in E__jenkins_ThirdDemo_test.Deeksha] INFO  o.eclipse.m2e.core.internal.Bundles - 	Entry: C:\Users\singh\.p2\pool\plugins\org.eclipse.m2e.maven.runtime_3.9.500.20231113-2345\jars\wagon-file-3.5.3.jar
2024-02-13 17:29:20,980 [Worker-16: Launching Executing clean in E__jenkins_ThirdDemo_test.Deeksha] INFO  o.eclipse.m2e.core.internal.Bundles - 	Entry: C:\Users\singh\.p2\pool\plugins\org.eclipse.m2e.maven.runtime_3.9.500.20231113-2345\jars\wagon-http-3.5.3.jar
2024-02-13 17:29:20,980 [Worker-16: Launching Executing clean in E__jenkins_ThirdDemo_test.Deeksha] INFO  o.eclipse.m2e.core.internal.Bundles - 	Entry: C:\Users\singh\.p2\pool\plugins\org.eclipse.m2e.maven.runtime_3.9.500.20231113-2345\jars\wagon-http-shared-3.5.3.jar
2024-02-13 17:29:20,981 [Worker-16: Launching Executing clean in E__jenkins_ThirdDemo_test.Deeksha] INFO  o.eclipse.m2e.core.internal.Bundles - 	Entry: C:\Users\singh\.p2\pool\plugins\org.eclipse.m2e.maven.runtime_3.9.500.20231113-2345\jars\wagon-provider-api-3.5.3.jar
2024-02-13 17:29:20,982 [Worker-16: Launching Executing clean in E__jenkins_ThirdDemo_test.Deeksha] INFO  o.eclipse.m2e.core.internal.Bundles - getClasspathEntries(Bundle=com.google.guava_32.1.3.jre [12])
2024-02-13 17:29:20,984 [Worker-16: Launching Executing clean in E__jenkins_ThirdDemo_test.Deeksha] INFO  o.eclipse.m2e.core.internal.Bundles - 	Entry: C:\Users\singh\.p2\pool\plugins\com.google.guava_32.1.3.jre.jar
2024-02-13 17:29:20,984 [Worker-16: Launching Executing clean in E__jenkins_ThirdDemo_test.Deeksha] INFO  o.eclipse.m2e.core.internal.Bundles - getClasspathEntries(Bundle=slf4j.api_2.0.11 [986])
2024-02-13 17:29:20,986 [Worker-16: Launching Executing clean in E__jenkins_ThirdDemo_test.Deeksha] INFO  o.eclipse.m2e.core.internal.Bundles - 	Entry: C:\Users\singh\.p2\pool\plugins\slf4j.api_2.0.11.jar
2024-02-13 17:29:20,987 [Worker-16: Launching Executing clean in E__jenkins_ThirdDemo_test.Deeksha] INFO  o.eclipse.m2e.core.internal.Bundles - getClasspathEntries(Bundle=jakarta.inject.jakarta.inject-api_1.0.5 [29])
2024-02-13 17:29:20,989 [Worker-16: Launching Executing clean in E__jenkins_ThirdDemo_test.Deeksha] INFO  o.eclipse.m2e.core.internal.Bundles - 	Entry: C:\Users\singh\.p2\pool\plugins\jakarta.inject.jakarta.inject-api_1.0.5.jar
2024-02-13 17:29:20,990 [Worker-16: Launching Executing clean in E__jenkins_ThirdDemo_test.Deeksha] INFO  o.eclipse.m2e.core.internal.Bundles - getClasspathEntries(Bundle=jakarta.annotation-api_1.3.5 [24])
2024-02-13 17:29:20,991 [Worker-16: Launching Executing clean in E__jenkins_ThirdDemo_test.Deeksha] INFO  o.eclipse.m2e.core.internal.Bundles - 	Entry: C:\Users\singh\.p2\pool\plugins\jakarta.annotation-api_1.3.5.jar
2024-02-13 17:29:20,992 [Worker-16: Launching Executing clean in E__jenkins_ThirdDemo_test.Deeksha] INFO  o.eclipse.m2e.core.internal.Bundles - getClasspathEntries(Bundle=org.apache.commons.cli_1.6.0 [71])
2024-02-13 17:29:20,994 [Worker-16: Launching Executing clean in E__jenkins_ThirdDemo_test.Deeksha] INFO  o.eclipse.m2e.core.internal.Bundles - 	Entry: C:\Users\singh\.p2\pool\plugins\org.apache.commons.cli_1.6.0.jar
2024-02-13 17:29:20,994 [Worker-16: Launching Executing clean in E__jenkins_ThirdDemo_test.Deeksha] INFO  o.eclipse.m2e.core.internal.Bundles - getClasspathEntries(Bundle=org.apache.commons.commons-codec_1.16.0 [75])
2024-02-13 17:29:20,996 [Worker-16: Launching Executing clean in E__jenkins_ThirdDemo_test.Deeksha] INFO  o.eclipse.m2e.core.internal.Bundles - 	Entry: C:\Users\singh\.p2\pool\plugins\org.apache.commons.commons-codec_1.16.0.jar
2024-02-13 17:29:20,996 [Worker-16: Launching Executing clean in E__jenkins_ThirdDemo_test.Deeksha] INFO  o.eclipse.m2e.core.internal.Bundles - getClasspathEntries(Bundle=org.apache.commons.lang3_3.13.0 [82])
2024-02-13 17:29:20,998 [Worker-16: Launching Executing clean in E__jenkins_ThirdDemo_test.Deeksha] INFO  o.eclipse.m2e.core.internal.Bundles - 	Entry: C:\Users\singh\.p2\pool\plugins\org.apache.commons.lang3_3.13.0.jar
2024-02-13 17:29:20,998 [Worker-16: Launching Executing clean in E__jenkins_ThirdDemo_test.Deeksha] INFO  o.eclipse.m2e.core.internal.Bundles - getClasspathEntries(Bundle=com.google.guava.failureaccess_1.0.2 [13])
2024-02-13 17:29:20,999 [Worker-16: Launching Executing clean in E__jenkins_ThirdDemo_test.Deeksha] INFO  o.eclipse.m2e.core.internal.Bundles - 	Entry: C:\Users\singh\.p2\pool\plugins\com.google.guava.failureaccess_1.0.2.jar
2024-02-13 17:29:21,003 [Worker-16: Launching Executing clean in E__jenkins_ThirdDemo_test.Deeksha] INFO  o.e.m.i.launch.MavenLaunchDelegate - Run build in "E:\jenkins\ThirdDemo\test.Deeksha":
2024-02-13 17:29:21,004 [Worker-16: Launching Executing clean in E__jenkins_ThirdDemo_test.Deeksha] INFO  o.e.m.i.launch.MavenLaunchDelegate -  mvn  -B -Dstyle.color=always clean
2024-02-13 17:30:09,144 [Worker-0: Launching Executing install in E__jenkins_ThirdDemo_test.Deeksha] INFO  o.eclipse.m2e.core.internal.Bundles - getClasspathEntries(Bundle=org.eclipse.m2e.maven.runtime_3.9.500.20231113-2345 [626])
2024-02-13 17:30:09,146 [Worker-0: Launching Executing install in E__jenkins_ThirdDemo_test.Deeksha] INFO  o.eclipse.m2e.core.internal.Bundles - 	Entry: C:\Users\singh\.p2\pool\plugins\org.eclipse.m2e.maven.runtime_3.9.500.20231113-2345
2024-02-13 17:30:09,147 [Worker-0: Launching Executing install in E__jenkins_ThirdDemo_test.Deeksha] INFO  o.eclipse.m2e.core.internal.Bundles - 	Entry: C:\Users\singh\.p2\pool\plugins\org.eclipse.m2e.maven.runtime_3.9.500.20231113-2345\jars\aopalliance-1.0.jar
2024-02-13 17:30:09,148 [Worker-0: Launching Executing install in E__jenkins_ThirdDemo_test.Deeksha] INFO  o.eclipse.m2e.core.internal.Bundles - 	Entry: C:\Users\singh\.p2\pool\plugins\org.eclipse.m2e.maven.runtime_3.9.500.20231113-2345\jars\guice-5.1.0.jar
2024-02-13 17:30:09,149 [Worker-0: Launching Executing install in E__jenkins_ThirdDemo_test.Deeksha] INFO  o.eclipse.m2e.core.internal.Bundles - 	Entry: C:\Users\singh\.p2\pool\plugins\org.eclipse.m2e.maven.runtime_3.9.500.20231113-2345\jars\httpclient-4.5.14.jar
2024-02-13 17:30:09,151 [Worker-0: Launching Executing install in E__jenkins_ThirdDemo_test.Deeksha] INFO  o.eclipse.m2e.core.internal.Bundles - 	Entry: C:\Users\singh\.p2\pool\plugins\org.eclipse.m2e.maven.runtime_3.9.500.20231113-2345\jars\httpcore-4.4.16.jar
2024-02-13 17:30:09,153 [Worker-0: Launching Executing install in E__jenkins_ThirdDemo_test.Deeksha] INFO  o.eclipse.m2e.core.internal.Bundles - 	Entry: C:\Users\singh\.p2\pool\plugins\org.eclipse.m2e.maven.runtime_3.9.500.20231113-2345\jars\jansi-2.4.0.jar
2024-02-13 17:30:09,154 [Worker-0: Launching Executing install in E__jenkins_ThirdDemo_test.Deeksha] INFO  o.eclipse.m2e.core.internal.Bundles - 	Entry: C:\Users\singh\.p2\pool\plugins\org.eclipse.m2e.maven.runtime_3.9.500.20231113-2345\jars\jcl-over-slf4j-1.7.36.jar
2024-02-13 17:30:09,156 [Worker-0: Launching Executing install in E__jenkins_ThirdDemo_test.Deeksha] INFO  o.eclipse.m2e.core.internal.Bundles - 	Entry: C:\Users\singh\.p2\pool\plugins\org.eclipse.m2e.maven.runtime_3.9.500.20231113-2345\jars\maven-artifact-3.9.5.jar
2024-02-13 17:30:09,157 [Worker-0: Launching Executing install in E__jenkins_ThirdDemo_test.Deeksha] INFO  o.eclipse.m2e.core.internal.Bundles - 	Entry: C:\Users\singh\.p2\pool\plugins\org.eclipse.m2e.maven.runtime_3.9.500.20231113-2345\jars\maven-builder-support-3.9.5.jar
2024-02-13 17:30:09,159 [Worker-0: Launching Executing install in E__jenkins_ThirdDemo_test.Deeksha] INFO  o.eclipse.m2e.core.internal.Bundles - 	Entry: C:\Users\singh\.p2\pool\plugins\org.eclipse.m2e.maven.runtime_3.9.500.20231113-2345\jars\maven-compat-3.9.5.jar
2024-02-13 17:30:09,160 [Worker-0: Launching Executing install in E__jenkins_ThirdDemo_test.Deeksha] INFO  o.eclipse.m2e.core.internal.Bundles - 	Entry: C:\Users\singh\.p2\pool\plugins\org.eclipse.m2e.maven.runtime_3.9.500.20231113-2345\jars\maven-core-3.9.5.jar
2024-02-13 17:30:09,160 [Worker-0: Launching Executing install in E__jenkins_ThirdDemo_test.Deeksha] INFO  o.eclipse.m2e.core.internal.Bundles - 	Entry: C:\Users\singh\.p2\pool\plugins\org.eclipse.m2e.maven.runtime_3.9.500.20231113-2345\jars\maven-embedder-3.9.5.jar
2024-02-13 17:30:09,161 [Worker-0: Launching Executing install in E__jenkins_ThirdDemo_test.Deeksha] INFO  o.eclipse.m2e.core.internal.Bundles - 	Entry: C:\Users\singh\.p2\pool\plugins\org.eclipse.m2e.maven.runtime_3.9.500.20231113-2345\jars\maven-model-3.9.5.jar
2024-02-13 17:30:09,161 [Worker-0: Launching Executing install in E__jenkins_ThirdDemo_test.Deeksha] INFO  o.eclipse.m2e.core.internal.Bundles - 	Entry: C:\Users\singh\.p2\pool\plugins\org.eclipse.m2e.maven.runtime_3.9.500.20231113-2345\jars\maven-model-builder-3.9.5.jar
2024-02-13 17:30:09,162 [Worker-0: Launching Executing install in E__jenkins_ThirdDemo_test.Deeksha] INFO  o.eclipse.m2e.core.internal.Bundles - 	Entry: C:\Users\singh\.p2\pool\plugins\org.eclipse.m2e.maven.runtime_3.9.500.20231113-2345\jars\maven-plugin-api-3.9.5.jar
2024-02-13 17:30:09,162 [Worker-0: Launching Executing install in E__jenkins_ThirdDemo_test.Deeksha] INFO  o.eclipse.m2e.core.internal.Bundles - 	Entry: C:\Users\singh\.p2\pool\plugins\org.eclipse.m2e.maven.runtime_3.9.500.20231113-2345\jars\maven-repository-metadata-3.9.5.jar
2024-02-13 17:30:09,163 [Worker-0: Launching Executing install in E__jenkins_ThirdDemo_test.Deeksha] INFO  o.eclipse.m2e.core.internal.Bundles - 	Entry: C:\Users\singh\.p2\pool\plugins\org.eclipse.m2e.maven.runtime_3.9.500.20231113-2345\jars\maven-resolver-api-1.9.16.jar
2024-02-13 17:30:09,163 [Worker-0: Launching Executing install in E__jenkins_ThirdDemo_test.Deeksha] INFO  o.eclipse.m2e.core.internal.Bundles - 	Entry: C:\Users\singh\.p2\pool\plugins\org.eclipse.m2e.maven.runtime_3.9.500.20231113-2345\jars\maven-resolver-connector-basic-1.9.16.jar
2024-02-13 17:30:09,164 [Worker-0: Launching Executing install in E__jenkins_ThirdDemo_test.Deeksha] INFO  o.eclipse.m2e.core.internal.Bundles - 	Entry: C:\Users\singh\.p2\pool\plugins\org.eclipse.m2e.maven.runtime_3.9.500.20231113-2345\jars\maven-resolver-impl-1.9.16.jar
2024-02-13 17:30:09,164 [Worker-0: Launching Executing install in E__jenkins_ThirdDemo_test.Deeksha] INFO  o.eclipse.m2e.core.internal.Bundles - 	Entry: C:\Users\singh\.p2\pool\plugins\org.eclipse.m2e.maven.runtime_3.9.500.20231113-2345\jars\maven-resolver-named-locks-1.9.16.jar
2024-02-13 17:30:09,165 [Worker-0: Launching Executing install in E__jenkins_ThirdDemo_test.Deeksha] INFO  o.eclipse.m2e.core.internal.Bundles - 	Entry: C:\Users\singh\.p2\pool\plugins\org.eclipse.m2e.maven.runtime_3.9.500.20231113-2345\jars\maven-resolver-provider-3.9.5.jar
2024-02-13 17:30:09,165 [Worker-0: Launching Executing install in E__jenkins_ThirdDemo_test.Deeksha] INFO  o.eclipse.m2e.core.internal.Bundles - 	Entry: C:\Users\singh\.p2\pool\plugins\org.eclipse.m2e.maven.runtime_3.9.500.20231113-2345\jars\maven-resolver-spi-1.9.16.jar
2024-02-13 17:30:09,166 [Worker-0: Launching Executing install in E__jenkins_ThirdDemo_test.Deeksha] INFO  o.eclipse.m2e.core.internal.Bundles - 	Entry: C:\Users\singh\.p2\pool\plugins\org.eclipse.m2e.maven.runtime_3.9.500.20231113-2345\jars\maven-resolver-transport-file-1.9.16.jar
2024-02-13 17:30:09,166 [Worker-0: Launching Executing install in E__jenkins_ThirdDemo_test.Deeksha] INFO  o.eclipse.m2e.core.internal.Bundles - 	Entry: C:\Users\singh\.p2\pool\plugins\org.eclipse.m2e.maven.runtime_3.9.500.20231113-2345\jars\maven-resolver-transport-http-1.9.16.jar
2024-02-13 17:30:09,167 [Worker-0: Launching Executing install in E__jenkins_ThirdDemo_test.Deeksha] INFO  o.eclipse.m2e.core.internal.Bundles - 	Entry: C:\Users\singh\.p2\pool\plugins\org.eclipse.m2e.maven.runtime_3.9.500.20231113-2345\jars\maven-resolver-transport-wagon-1.9.16.jar
2024-02-13 17:30:09,168 [Worker-0: Launching Executing install in E__jenkins_ThirdDemo_test.Deeksha] INFO  o.eclipse.m2e.core.internal.Bundles - 	Entry: C:\Users\singh\.p2\pool\plugins\org.eclipse.m2e.maven.runtime_3.9.500.20231113-2345\jars\maven-resolver-util-1.9.16.jar
2024-02-13 17:30:09,168 [Worker-0: Launching Executing install in E__jenkins_ThirdDemo_test.Deeksha] INFO  o.eclipse.m2e.core.internal.Bundles - 	Entry: C:\Users\singh\.p2\pool\plugins\org.eclipse.m2e.maven.runtime_3.9.500.20231113-2345\jars\maven-settings-3.9.5.jar
2024-02-13 17:30:09,169 [Worker-0: Launching Executing install in E__jenkins_ThirdDemo_test.Deeksha] INFO  o.eclipse.m2e.core.internal.Bundles - 	Entry: C:\Users\singh\.p2\pool\plugins\org.eclipse.m2e.maven.runtime_3.9.500.20231113-2345\jars\maven-settings-builder-3.9.5.jar
2024-02-13 17:30:09,170 [Worker-0: Launching Executing install in E__jenkins_ThirdDemo_test.Deeksha] INFO  o.eclipse.m2e.core.internal.Bundles - 	Entry: C:\Users\singh\.p2\pool\plugins\org.eclipse.m2e.maven.runtime_3.9.500.20231113-2345\jars\maven-shared-utils-3.3.4.jar
2024-02-13 17:30:09,170 [Worker-0: Launching Executing install in E__jenkins_ThirdDemo_test.Deeksha] INFO  o.eclipse.m2e.core.internal.Bundles - 	Entry: C:\Users\singh\.p2\pool\plugins\org.eclipse.m2e.maven.runtime_3.9.500.20231113-2345\jars\org.eclipse.sisu.inject-0.3.5.jar
2024-02-13 17:30:09,171 [Worker-0: Launching Executing install in E__jenkins_ThirdDemo_test.Deeksha] INFO  o.eclipse.m2e.core.internal.Bundles - 	Entry: C:\Users\singh\.p2\pool\plugins\org.eclipse.m2e.maven.runtime_3.9.500.20231113-2345\jars\org.eclipse.sisu.plexus-0.3.5.jar
2024-02-13 17:30:09,172 [Worker-0: Launching Executing install in E__jenkins_ThirdDemo_test.Deeksha] INFO  o.eclipse.m2e.core.internal.Bundles - 	Entry: C:\Users\singh\.p2\pool\plugins\org.eclipse.m2e.maven.runtime_3.9.500.20231113-2345\jars\plexus-build-api-0.0.7.jar
2024-02-13 17:30:09,172 [Worker-0: Launching Executing install in E__jenkins_ThirdDemo_test.Deeksha] INFO  o.eclipse.m2e.core.internal.Bundles - 	Entry: C:\Users\singh\.p2\pool\plugins\org.eclipse.m2e.maven.runtime_3.9.500.20231113-2345\jars\plexus-cipher-2.0.jar
2024-02-13 17:30:09,173 [Worker-0: Launching Executing install in E__jenkins_ThirdDemo_test.Deeksha] INFO  o.eclipse.m2e.core.internal.Bundles - 	Entry: C:\Users\singh\.p2\pool\plugins\org.eclipse.m2e.maven.runtime_3.9.500.20231113-2345\jars\plexus-classworlds-2.7.0.jar
2024-02-13 17:30:09,174 [Worker-0: Launching Executing install in E__jenkins_ThirdDemo_test.Deeksha] INFO  o.eclipse.m2e.core.internal.Bundles - 	Entry: C:\Users\singh\.p2\pool\plugins\org.eclipse.m2e.maven.runtime_3.9.500.20231113-2345\jars\plexus-component-annotations-2.1.0.jar
2024-02-13 17:30:09,174 [Worker-0: Launching Executing install in E__jenkins_ThirdDemo_test.Deeksha] INFO  o.eclipse.m2e.core.internal.Bundles - 	Entry: C:\Users\singh\.p2\pool\plugins\org.eclipse.m2e.maven.runtime_3.9.500.20231113-2345\jars\plexus-interpolation-1.26.jar
2024-02-13 17:30:09,175 [Worker-0: Launching Executing install in E__jenkins_ThirdDemo_test.Deeksha] INFO  o.eclipse.m2e.core.internal.Bundles - 	Entry: C:\Users\singh\.p2\pool\plugins\org.eclipse.m2e.maven.runtime_3.9.500.20231113-2345\jars\plexus-sec-dispatcher-2.0.jar
2024-02-13 17:30:09,175 [Worker-0: Launching Executing install in E__jenkins_ThirdDemo_test.Deeksha] INFO  o.eclipse.m2e.core.internal.Bundles - 	Entry: C:\Users\singh\.p2\pool\plugins\org.eclipse.m2e.maven.runtime_3.9.500.20231113-2345\jars\plexus-utils-3.5.1.jar
2024-02-13 17:30:09,176 [Worker-0: Launching Executing install in E__jenkins_ThirdDemo_test.Deeksha] INFO  o.eclipse.m2e.core.internal.Bundles - 	Entry: C:\Users\singh\.p2\pool\plugins\org.eclipse.m2e.maven.runtime_3.9.500.20231113-2345\jars\wagon-file-3.5.3.jar
2024-02-13 17:30:09,177 [Worker-0: Launching Executing install in E__jenkins_ThirdDemo_test.Deeksha] INFO  o.eclipse.m2e.core.internal.Bundles - 	Entry: C:\Users\singh\.p2\pool\plugins\org.eclipse.m2e.maven.runtime_3.9.500.20231113-2345\jars\wagon-http-3.5.3.jar
2024-02-13 17:30:09,177 [Worker-0: Launching Executing install in E__jenkins_ThirdDemo_test.Deeksha] INFO  o.eclipse.m2e.core.internal.Bundles - 	Entry: C:\Users\singh\.p2\pool\plugins\org.eclipse.m2e.maven.runtime_3.9.500.20231113-2345\jars\wagon-http-shared-3.5.3.jar
2024-02-13 17:30:09,177 [Worker-0: Launching Executing install in E__jenkins_ThirdDemo_test.Deeksha] INFO  o.eclipse.m2e.core.internal.Bundles - 	Entry: C:\Users\singh\.p2\pool\plugins\org.eclipse.m2e.maven.runtime_3.9.500.20231113-2345\jars\wagon-provider-api-3.5.3.jar
2024-02-13 17:30:09,178 [Worker-0: Launching Executing install in E__jenkins_ThirdDemo_test.Deeksha] INFO  o.eclipse.m2e.core.internal.Bundles - getClasspathEntries(Bundle=com.google.guava_32.1.3.jre [12])
2024-02-13 17:30:09,180 [Worker-0: Launching Executing install in E__jenkins_ThirdDemo_test.Deeksha] INFO  o.eclipse.m2e.core.internal.Bundles - 	Entry: C:\Users\singh\.p2\pool\plugins\com.google.guava_32.1.3.jre.jar
2024-02-13 17:30:09,180 [Worker-0: Launching Executing install in E__jenkins_ThirdDemo_test.Deeksha] INFO  o.eclipse.m2e.core.internal.Bundles - getClasspathEntries(Bundle=slf4j.api_2.0.11 [986])
2024-02-13 17:30:09,181 [Worker-0: Launching Executing install in E__jenkins_ThirdDemo_test.Deeksha] INFO  o.eclipse.m2e.core.internal.Bundles - 	Entry: C:\Users\singh\.p2\pool\plugins\slf4j.api_2.0.11.jar
2024-02-13 17:30:09,181 [Worker-0: Launching Executing install in E__jenkins_ThirdDemo_test.Deeksha] INFO  o.eclipse.m2e.core.internal.Bundles - getClasspathEntries(Bundle=jakarta.inject.jakarta.inject-api_1.0.5 [29])
2024-02-13 17:30:09,182 [Worker-0: Launching Executing install in E__jenkins_ThirdDemo_test.Deeksha] INFO  o.eclipse.m2e.core.internal.Bundles - 	Entry: C:\Users\singh\.p2\pool\plugins\jakarta.inject.jakarta.inject-api_1.0.5.jar
2024-02-13 17:30:09,183 [Worker-0: Launching Executing install in E__jenkins_ThirdDemo_test.Deeksha] INFO  o.eclipse.m2e.core.internal.Bundles - getClasspathEntries(Bundle=jakarta.annotation-api_1.3.5 [24])
2024-02-13 17:30:09,184 [Worker-0: Launching Executing install in E__jenkins_ThirdDemo_test.Deeksha] INFO  o.eclipse.m2e.core.internal.Bundles - 	Entry: C:\Users\singh\.p2\pool\plugins\jakarta.annotation-api_1.3.5.jar
2024-02-13 17:30:09,184 [Worker-0: Launching Executing install in E__jenkins_ThirdDemo_test.Deeksha] INFO  o.eclipse.m2e.core.internal.Bundles - getClasspathEntries(Bundle=org.apache.commons.cli_1.6.0 [71])
2024-02-13 17:30:09,185 [Worker-0: Launching Executing install in E__jenkins_ThirdDemo_test.Deeksha] INFO  o.eclipse.m2e.core.internal.Bundles - 	Entry: C:\Users\singh\.p2\pool\plugins\org.apache.commons.cli_1.6.0.jar
2024-02-13 17:30:09,185 [Worker-0: Launching Executing install in E__jenkins_ThirdDemo_test.Deeksha] INFO  o.eclipse.m2e.core.internal.Bundles - getClasspathEntries(Bundle=org.apache.commons.commons-codec_1.16.0 [75])
2024-02-13 17:30:09,187 [Worker-0: Launching Executing install in E__jenkins_ThirdDemo_test.Deeksha] INFO  o.eclipse.m2e.core.internal.Bundles - 	Entry: C:\Users\singh\.p2\pool\plugins\org.apache.commons.commons-codec_1.16.0.jar
2024-02-13 17:30:09,187 [Worker-0: Launching Executing install in E__jenkins_ThirdDemo_test.Deeksha] INFO  o.eclipse.m2e.core.internal.Bundles - getClasspathEntries(Bundle=org.apache.commons.lang3_3.13.0 [82])
2024-02-13 17:30:09,188 [Worker-0: Launching Executing install in E__jenkins_ThirdDemo_test.Deeksha] INFO  o.eclipse.m2e.core.internal.Bundles - 	Entry: C:\Users\singh\.p2\pool\plugins\org.apache.commons.lang3_3.13.0.jar
2024-02-13 17:30:09,188 [Worker-0: Launching Executing install in E__jenkins_ThirdDemo_test.Deeksha] INFO  o.eclipse.m2e.core.internal.Bundles - getClasspathEntries(Bundle=com.google.guava.failureaccess_1.0.2 [13])
2024-02-13 17:30:09,189 [Worker-0: Launching Executing install in E__jenkins_ThirdDemo_test.Deeksha] INFO  o.eclipse.m2e.core.internal.Bundles - 	Entry: C:\Users\singh\.p2\pool\plugins\com.google.guava.failureaccess_1.0.2.jar
2024-02-13 17:30:09,192 [Worker-0: Launching Executing install in E__jenkins_ThirdDemo_test.Deeksha] INFO  o.e.m.i.launch.MavenLaunchDelegate - Run build in "E:\jenkins\ThirdDemo\test.Deeksha":
2024-02-13 17:30:09,193 [Worker-0: Launching Executing install in E__jenkins_ThirdDemo_test.Deeksha] INFO  o.e.m.i.launch.MavenLaunchDelegate -  mvn  -B -Dstyle.color=always install
2024-02-13 17:30:30,416 [main] INFO  o.e.m2e.actions.ExecutePomAction - Creating new launch configuration
2024-02-13 17:30:49,202 [Worker-11: Launching test.Deeksha (1)] INFO  o.eclipse.m2e.core.internal.Bundles - getClasspathEntries(Bundle=org.eclipse.m2e.maven.runtime_3.9.500.20231113-2345 [626])
2024-02-13 17:30:49,205 [Worker-11: Launching test.Deeksha (1)] INFO  o.eclipse.m2e.core.internal.Bundles - 	Entry: C:\Users\singh\.p2\pool\plugins\org.eclipse.m2e.maven.runtime_3.9.500.20231113-2345
2024-02-13 17:30:49,206 [Worker-11: Launching test.Deeksha (1)] INFO  o.eclipse.m2e.core.internal.Bundles - 	Entry: C:\Users\singh\.p2\pool\plugins\org.eclipse.m2e.maven.runtime_3.9.500.20231113-2345\jars\aopalliance-1.0.jar
2024-02-13 17:30:49,208 [Worker-11: Launching test.Deeksha (1)] INFO  o.eclipse.m2e.core.internal.Bundles - 	Entry: C:\Users\singh\.p2\pool\plugins\org.eclipse.m2e.maven.runtime_3.9.500.20231113-2345\jars\guice-5.1.0.jar
2024-02-13 17:30:49,208 [Worker-11: Launching test.Deeksha (1)] INFO  o.eclipse.m2e.core.internal.Bundles - 	Entry: C:\Users\singh\.p2\pool\plugins\org.eclipse.m2e.maven.runtime_3.9.500.20231113-2345\jars\httpclient-4.5.14.jar
2024-02-13 17:30:49,209 [Worker-11: Launching test.Deeksha (1)] INFO  o.eclipse.m2e.core.internal.Bundles - 	Entry: C:\Users\singh\.p2\pool\plugins\org.eclipse.m2e.maven.runtime_3.9.500.20231113-2345\jars\httpcore-4.4.16.jar
2024-02-13 17:30:49,209 [Worker-11: Launching test.Deeksha (1)] INFO  o.eclipse.m2e.core.internal.Bundles - 	Entry: C:\Users\singh\.p2\pool\plugins\org.eclipse.m2e.maven.runtime_3.9.500.20231113-2345\jars\jansi-2.4.0.jar
2024-02-13 17:30:49,210 [Worker-11: Launching test.Deeksha (1)] INFO  o.eclipse.m2e.core.internal.Bundles - 	Entry: C:\Users\singh\.p2\pool\plugins\org.eclipse.m2e.maven.runtime_3.9.500.20231113-2345\jars\jcl-over-slf4j-1.7.36.jar
2024-02-13 17:30:49,211 [Worker-11: Launching test.Deeksha (1)] INFO  o.eclipse.m2e.core.internal.Bundles - 	Entry: C:\Users\singh\.p2\pool\plugins\org.eclipse.m2e.maven.runtime_3.9.500.20231113-2345\jars\maven-artifact-3.9.5.jar
2024-02-13 17:30:49,212 [Worker-11: Launching test.Deeksha (1)] INFO  o.eclipse.m2e.core.internal.Bundles - 	Entry: C:\Users\singh\.p2\pool\plugins\org.eclipse.m2e.maven.runtime_3.9.500.20231113-2345\jars\maven-builder-support-3.9.5.jar
2024-02-13 17:30:49,213 [Worker-11: Launching test.Deeksha (1)] INFO  o.eclipse.m2e.core.internal.Bundles - 	Entry: C:\Users\singh\.p2\pool\plugins\org.eclipse.m2e.maven.runtime_3.9.500.20231113-2345\jars\maven-compat-3.9.5.jar
2024-02-13 17:30:49,214 [Worker-11: Launching test.Deeksha (1)] INFO  o.eclipse.m2e.core.internal.Bundles - 	Entry: C:\Users\singh\.p2\pool\plugins\org.eclipse.m2e.maven.runtime_3.9.500.20231113-2345\jars\maven-core-3.9.5.jar
2024-02-13 17:30:49,215 [Worker-11: Launching test.Deeksha (1)] INFO  o.eclipse.m2e.core.internal.Bundles - 	Entry: C:\Users\singh\.p2\pool\plugins\org.eclipse.m2e.maven.runtime_3.9.500.20231113-2345\jars\maven-embedder-3.9.5.jar
2024-02-13 17:30:49,215 [Worker-11: Launching test.Deeksha (1)] INFO  o.eclipse.m2e.core.internal.Bundles - 	Entry: C:\Users\singh\.p2\pool\plugins\org.eclipse.m2e.maven.runtime_3.9.500.20231113-2345\jars\maven-model-3.9.5.jar
2024-02-13 17:30:49,216 [Worker-11: Launching test.Deeksha (1)] INFO  o.eclipse.m2e.core.internal.Bundles - 	Entry: C:\Users\singh\.p2\pool\plugins\org.eclipse.m2e.maven.runtime_3.9.500.20231113-2345\jars\maven-model-builder-3.9.5.jar
2024-02-13 17:30:49,216 [Worker-11: Launching test.Deeksha (1)] INFO  o.eclipse.m2e.core.internal.Bundles - 	Entry: C:\Users\singh\.p2\pool\plugins\org.eclipse.m2e.maven.runtime_3.9.500.20231113-2345\jars\maven-plugin-api-3.9.5.jar
2024-02-13 17:30:49,216 [Worker-11: Launching test.Deeksha (1)] INFO  o.eclipse.m2e.core.internal.Bundles - 	Entry: C:\Users\singh\.p2\pool\plugins\org.eclipse.m2e.maven.runtime_3.9.500.20231113-2345\jars\maven-repository-metadata-3.9.5.jar
2024-02-13 17:30:49,217 [Worker-11: Launching test.Deeksha (1)] INFO  o.eclipse.m2e.core.internal.Bundles - 	Entry: C:\Users\singh\.p2\pool\plugins\org.eclipse.m2e.maven.runtime_3.9.500.20231113-2345\jars\maven-resolver-api-1.9.16.jar
2024-02-13 17:30:49,218 [Worker-11: Launching test.Deeksha (1)] INFO  o.eclipse.m2e.core.internal.Bundles - 	Entry: C:\Users\singh\.p2\pool\plugins\org.eclipse.m2e.maven.runtime_3.9.500.20231113-2345\jars\maven-resolver-connector-basic-1.9.16.jar
2024-02-13 17:30:49,218 [Worker-11: Launching test.Deeksha (1)] INFO  o.eclipse.m2e.core.internal.Bundles - 	Entry: C:\Users\singh\.p2\pool\plugins\org.eclipse.m2e.maven.runtime_3.9.500.20231113-2345\jars\maven-resolver-impl-1.9.16.jar
2024-02-13 17:30:49,219 [Worker-11: Launching test.Deeksha (1)] INFO  o.eclipse.m2e.core.internal.Bundles - 	Entry: C:\Users\singh\.p2\pool\plugins\org.eclipse.m2e.maven.runtime_3.9.500.20231113-2345\jars\maven-resolver-named-locks-1.9.16.jar
2024-02-13 17:30:49,220 [Worker-11: Launching test.Deeksha (1)] INFO  o.eclipse.m2e.core.internal.Bundles - 	Entry: C:\Users\singh\.p2\pool\plugins\org.eclipse.m2e.maven.runtime_3.9.500.20231113-2345\jars\maven-resolver-provider-3.9.5.jar
2024-02-13 17:30:49,221 [Worker-11: Launching test.Deeksha (1)] INFO  o.eclipse.m2e.core.internal.Bundles - 	Entry: C:\Users\singh\.p2\pool\plugins\org.eclipse.m2e.maven.runtime_3.9.500.20231113-2345\jars\maven-resolver-spi-1.9.16.jar
2024-02-13 17:30:49,221 [Worker-11: Launching test.Deeksha (1)] INFO  o.eclipse.m2e.core.internal.Bundles - 	Entry: C:\Users\singh\.p2\pool\plugins\org.eclipse.m2e.maven.runtime_3.9.500.20231113-2345\jars\maven-resolver-transport-file-1.9.16.jar
2024-02-13 17:30:49,222 [Worker-11: Launching test.Deeksha (1)] INFO  o.eclipse.m2e.core.internal.Bundles - 	Entry: C:\Users\singh\.p2\pool\plugins\org.eclipse.m2e.maven.runtime_3.9.500.20231113-2345\jars\maven-resolver-transport-http-1.9.16.jar
2024-02-13 17:30:49,223 [Worker-11: Launching test.Deeksha (1)] INFO  o.eclipse.m2e.core.internal.Bundles - 	Entry: C:\Users\singh\.p2\pool\plugins\org.eclipse.m2e.maven.runtime_3.9.500.20231113-2345\jars\maven-resolver-transport-wagon-1.9.16.jar
2024-02-13 17:30:49,224 [Worker-11: Launching test.Deeksha (1)] INFO  o.eclipse.m2e.core.internal.Bundles - 	Entry: C:\Users\singh\.p2\pool\plugins\org.eclipse.m2e.maven.runtime_3.9.500.20231113-2345\jars\maven-resolver-util-1.9.16.jar
2024-02-13 17:30:49,224 [Worker-11: Launching test.Deeksha (1)] INFO  o.eclipse.m2e.core.internal.Bundles - 	Entry: C:\Users\singh\.p2\pool\plugins\org.eclipse.m2e.maven.runtime_3.9.500.20231113-2345\jars\maven-settings-3.9.5.jar
2024-02-13 17:30:49,225 [Worker-11: Launching test.Deeksha (1)] INFO  o.eclipse.m2e.core.internal.Bundles - 	Entry: C:\Users\singh\.p2\pool\plugins\org.eclipse.m2e.maven.runtime_3.9.500.20231113-2345\jars\maven-settings-builder-3.9.5.jar
2024-02-13 17:30:49,225 [Worker-11: Launching test.Deeksha (1)] INFO  o.eclipse.m2e.core.internal.Bundles - 	Entry: C:\Users\singh\.p2\pool\plugins\org.eclipse.m2e.maven.runtime_3.9.500.20231113-2345\jars\maven-shared-utils-3.3.4.jar
2024-02-13 17:30:49,225 [Worker-11: Launching test.Deeksha (1)] INFO  o.eclipse.m2e.core.internal.Bundles - 	Entry: C:\Users\singh\.p2\pool\plugins\org.eclipse.m2e.maven.runtime_3.9.500.20231113-2345\jars\org.eclipse.sisu.inject-0.3.5.jar
2024-02-13 17:30:49,226 [Worker-11: Launching test.Deeksha (1)] INFO  o.eclipse.m2e.core.internal.Bundles - 	Entry: C:\Users\singh\.p2\pool\plugins\org.eclipse.m2e.maven.runtime_3.9.500.20231113-2345\jars\org.eclipse.sisu.plexus-0.3.5.jar
2024-02-13 17:30:49,226 [Worker-11: Launching test.Deeksha (1)] INFO  o.eclipse.m2e.core.internal.Bundles - 	Entry: C:\Users\singh\.p2\pool\plugins\org.eclipse.m2e.maven.runtime_3.9.500.20231113-2345\jars\plexus-build-api-0.0.7.jar
2024-02-13 17:30:49,227 [Worker-11: Launching test.Deeksha (1)] INFO  o.eclipse.m2e.core.internal.Bundles - 	Entry: C:\Users\singh\.p2\pool\plugins\org.eclipse.m2e.maven.runtime_3.9.500.20231113-2345\jars\plexus-cipher-2.0.jar
2024-02-13 17:30:49,228 [Worker-11: Launching test.Deeksha (1)] INFO  o.eclipse.m2e.core.internal.Bundles - 	Entry: C:\Users\singh\.p2\pool\plugins\org.eclipse.m2e.maven.runtime_3.9.500.20231113-2345\jars\plexus-classworlds-2.7.0.jar
2024-02-13 17:30:49,228 [Worker-11: Launching test.Deeksha (1)] INFO  o.eclipse.m2e.core.internal.Bundles - 	Entry: C:\Users\singh\.p2\pool\plugins\org.eclipse.m2e.maven.runtime_3.9.500.20231113-2345\jars\plexus-component-annotations-2.1.0.jar
2024-02-13 17:30:49,229 [Worker-11: Launching test.Deeksha (1)] INFO  o.eclipse.m2e.core.internal.Bundles - 	Entry: C:\Users\singh\.p2\pool\plugins\org.eclipse.m2e.maven.runtime_3.9.500.20231113-2345\jars\plexus-interpolation-1.26.jar
2024-02-13 17:30:49,229 [Worker-11: Launching test.Deeksha (1)] INFO  o.eclipse.m2e.core.internal.Bundles - 	Entry: C:\Users\singh\.p2\pool\plugins\org.eclipse.m2e.maven.runtime_3.9.500.20231113-2345\jars\plexus-sec-dispatcher-2.0.jar
2024-02-13 17:30:49,230 [Worker-11: Launching test.Deeksha (1)] INFO  o.eclipse.m2e.core.internal.Bundles - 	Entry: C:\Users\singh\.p2\pool\plugins\org.eclipse.m2e.maven.runtime_3.9.500.20231113-2345\jars\plexus-utils-3.5.1.jar
2024-02-13 17:30:49,230 [Worker-11: Launching test.Deeksha (1)] INFO  o.eclipse.m2e.core.internal.Bundles - 	Entry: C:\Users\singh\.p2\pool\plugins\org.eclipse.m2e.maven.runtime_3.9.500.20231113-2345\jars\wagon-file-3.5.3.jar
2024-02-13 17:30:49,231 [Worker-11: Launching test.Deeksha (1)] INFO  o.eclipse.m2e.core.internal.Bundles - 	Entry: C:\Users\singh\.p2\pool\plugins\org.eclipse.m2e.maven.runtime_3.9.500.20231113-2345\jars\wagon-http-3.5.3.jar
2024-02-13 17:30:49,231 [Worker-11: Launching test.Deeksha (1)] INFO  o.eclipse.m2e.core.internal.Bundles - 	Entry: C:\Users\singh\.p2\pool\plugins\org.eclipse.m2e.maven.runtime_3.9.500.20231113-2345\jars\wagon-http-shared-3.5.3.jar
2024-02-13 17:30:49,232 [Worker-11: Launching test.Deeksha (1)] INFO  o.eclipse.m2e.core.internal.Bundles - 	Entry: C:\Users\singh\.p2\pool\plugins\org.eclipse.m2e.maven.runtime_3.9.500.20231113-2345\jars\wagon-provider-api-3.5.3.jar
2024-02-13 17:30:49,233 [Worker-11: Launching test.Deeksha (1)] INFO  o.eclipse.m2e.core.internal.Bundles - getClasspathEntries(Bundle=com.google.guava_32.1.3.jre [12])
2024-02-13 17:30:49,235 [Worker-11: Launching test.Deeksha (1)] INFO  o.eclipse.m2e.core.internal.Bundles - 	Entry: C:\Users\singh\.p2\pool\plugins\com.google.guava_32.1.3.jre.jar
2024-02-13 17:30:49,235 [Worker-11: Launching test.Deeksha (1)] INFO  o.eclipse.m2e.core.internal.Bundles - getClasspathEntries(Bundle=slf4j.api_2.0.11 [986])
2024-02-13 17:30:49,237 [Worker-11: Launching test.Deeksha (1)] INFO  o.eclipse.m2e.core.internal.Bundles - 	Entry: C:\Users\singh\.p2\pool\plugins\slf4j.api_2.0.11.jar
2024-02-13 17:30:49,237 [Worker-11: Launching test.Deeksha (1)] INFO  o.eclipse.m2e.core.internal.Bundles - getClasspathEntries(Bundle=jakarta.inject.jakarta.inject-api_1.0.5 [29])
2024-02-13 17:30:49,238 [Worker-11: Launching test.Deeksha (1)] INFO  o.eclipse.m2e.core.internal.Bundles - 	Entry: C:\Users\singh\.p2\pool\plugins\jakarta.inject.jakarta.inject-api_1.0.5.jar
2024-02-13 17:30:49,239 [Worker-11: Launching test.Deeksha (1)] INFO  o.eclipse.m2e.core.internal.Bundles - getClasspathEntries(Bundle=jakarta.annotation-api_1.3.5 [24])
2024-02-13 17:30:49,240 [Worker-11: Launching test.Deeksha (1)] INFO  o.eclipse.m2e.core.internal.Bundles - 	Entry: C:\Users\singh\.p2\pool\plugins\jakarta.annotation-api_1.3.5.jar
2024-02-13 17:30:49,240 [Worker-11: Launching test.Deeksha (1)] INFO  o.eclipse.m2e.core.internal.Bundles - getClasspathEntries(Bundle=org.apache.commons.cli_1.6.0 [71])
2024-02-13 17:30:49,241 [Worker-11: Launching test.Deeksha (1)] INFO  o.eclipse.m2e.core.internal.Bundles - 	Entry: C:\Users\singh\.p2\pool\plugins\org.apache.commons.cli_1.6.0.jar
2024-02-13 17:30:49,242 [Worker-11: Launching test.Deeksha (1)] INFO  o.eclipse.m2e.core.internal.Bundles - getClasspathEntries(Bundle=org.apache.commons.commons-codec_1.16.0 [75])
2024-02-13 17:30:49,243 [Worker-11: Launching test.Deeksha (1)] INFO  o.eclipse.m2e.core.internal.Bundles - 	Entry: C:\Users\singh\.p2\pool\plugins\org.apache.commons.commons-codec_1.16.0.jar
2024-02-13 17:30:49,244 [Worker-11: Launching test.Deeksha (1)] INFO  o.eclipse.m2e.core.internal.Bundles - getClasspathEntries(Bundle=org.apache.commons.lang3_3.13.0 [82])
2024-02-13 17:30:49,245 [Worker-11: Launching test.Deeksha (1)] INFO  o.eclipse.m2e.core.internal.Bundles - 	Entry: C:\Users\singh\.p2\pool\plugins\org.apache.commons.lang3_3.13.0.jar
2024-02-13 17:30:49,246 [Worker-11: Launching test.Deeksha (1)] INFO  o.eclipse.m2e.core.internal.Bundles - getClasspathEntries(Bundle=com.google.guava.failureaccess_1.0.2 [13])
2024-02-13 17:30:49,247 [Worker-11: Launching test.Deeksha (1)] INFO  o.eclipse.m2e.core.internal.Bundles - 	Entry: C:\Users\singh\.p2\pool\plugins\com.google.guava.failureaccess_1.0.2.jar
2024-02-13 17:30:49,250 [Worker-11: Launching test.Deeksha (1)] INFO  o.e.m.i.launch.MavenLaunchDelegate - Run build in "E:\jenkins\ThirdDemo\test.Deeksha":
2024-02-13 17:30:49,250 [Worker-11: Launching test.Deeksha (1)] INFO  o.e.m.i.launch.MavenLaunchDelegate -  mvn  -B -Dstyle.color=always clean install
